{"/home/travis/build/npmtest/node-npmtest-vinyl-ftp/test.js":{"path":"/home/travis/build/npmtest/node-npmtest-vinyl-ftp/test.js","s":{"1":2,"2":2,"3":2,"4":2,"5":2,"6":2,"7":2,"8":1,"9":2,"10":2,"11":1,"12":1,"13":1,"14":1,"15":2,"16":2,"17":2,"18":2,"19":1,"20":1,"21":2,"22":2,"23":2,"24":1,"25":1,"26":1,"27":1,"28":1,"29":1,"30":1,"31":1,"32":1,"33":1,"34":1,"35":1,"36":1,"37":2,"38":2,"39":1,"40":2,"41":2,"42":1,"43":2,"44":2,"45":1,"46":2,"47":2,"48":1,"49":1,"50":1,"51":1,"52":1},"b":{"1":[2,1,1,1],"2":[1,1,1,1],"3":[1,1],"4":[1,1],"5":[1,1],"6":[1,1],"7":[1,1],"8":[1,1],"9":[1,1,1],"10":[1,1],"11":[1,1],"12":[1,1],"13":[1,1],"14":[1,1],"15":[1,1],"16":[1,1]},"f":{"1":2,"2":2,"3":2,"4":2,"5":2,"6":1,"7":1,"8":2,"9":2,"10":2,"11":2,"12":1},"fnMap":{"1":{"name":"(anonymous_1)","line":12,"loc":{"start":{"line":12,"column":1},"end":{"line":12,"column":13}}},"2":{"name":"(anonymous_2)","line":19,"loc":{"start":{"line":19,"column":5},"end":{"line":19,"column":17}}},"3":{"name":"(anonymous_3)","line":23,"loc":{"start":{"line":23,"column":24},"end":{"line":23,"column":36}}},"4":{"name":"(anonymous_4)","line":61,"loc":{"start":{"line":61,"column":5},"end":{"line":61,"column":17}}},"5":{"name":"(anonymous_5)","line":82,"loc":{"start":{"line":82,"column":5},"end":{"line":82,"column":17}}},"6":{"name":"(anonymous_6)","line":102,"loc":{"start":{"line":102,"column":83},"end":{"line":105,"column":10}},"skip":true},"7":{"name":"(anonymous_7)","line":113,"loc":{"start":{"line":113,"column":77},"end":{"line":116,"column":10}},"skip":true},"8":{"name":"(anonymous_8)","line":129,"loc":{"start":{"line":129,"column":12},"end":{"line":129,"column":40}},"skip":true},"9":{"name":"(anonymous_9)","line":137,"loc":{"start":{"line":137,"column":77},"end":{"line":140,"column":10}},"skip":true},"10":{"name":"(anonymous_10)","line":148,"loc":{"start":{"line":148,"column":83},"end":{"line":151,"column":10}},"skip":true},"11":{"name":"(anonymous_11)","line":159,"loc":{"start":{"line":159,"column":79},"end":{"line":162,"column":10}},"skip":true},"12":{"name":"(anonymous_12)","line":170,"loc":{"start":{"line":170,"column":75},"end":{"line":173,"column":10}},"skip":true}},"statementMap":{"1":{"start":{"line":12,"column":0},"end":{"line":185,"column":5}},"2":{"start":{"line":14,"column":4},"end":{"line":14,"column":14}},"3":{"start":{"line":19,"column":4},"end":{"line":56,"column":9}},"4":{"start":{"line":21,"column":8},"end":{"line":21,"column":19}},"5":{"start":{"line":23,"column":8},"end":{"line":35,"column":13}},"6":{"start":{"line":24,"column":12},"end":{"line":34,"column":13}},"7":{"start":{"line":25,"column":16},"end":{"line":28,"column":30}},"8":{"start":{"line":30,"column":16},"end":{"line":33,"column":27}},"9":{"start":{"line":37,"column":8},"end":{"line":39,"column":21}},"10":{"start":{"line":40,"column":8},"end":{"line":53,"column":9}},"11":{"start":{"line":43,"column":12},"end":{"line":46,"column":14}},"12":{"start":{"line":47,"column":12},"end":{"line":47,"column":18}},"13":{"start":{"line":50,"column":12},"end":{"line":51,"column":46}},"14":{"start":{"line":52,"column":12},"end":{"line":52,"column":18}},"15":{"start":{"line":55,"column":8},"end":{"line":55,"column":35}},"16":{"start":{"line":61,"column":4},"end":{"line":63,"column":9}},"17":{"start":{"line":62,"column":8},"end":{"line":62,"column":15}},"18":{"start":{"line":64,"column":4},"end":{"line":77,"column":5}},"19":{"start":{"line":70,"column":8},"end":{"line":70,"column":14}},"20":{"start":{"line":76,"column":8},"end":{"line":76,"column":14}},"21":{"start":{"line":82,"column":4},"end":{"line":84,"column":9}},"22":{"start":{"line":83,"column":8},"end":{"line":83,"column":15}},"23":{"start":{"line":85,"column":4},"end":{"line":184,"column":5}},"24":{"start":{"line":92,"column":8},"end":{"line":94,"column":63}},"25":{"start":{"line":95,"column":8},"end":{"line":95,"column":14}},"26":{"start":{"line":102,"column":8},"end":{"line":111,"column":10},"skip":true},"27":{"start":{"line":109,"column":12},"end":{"line":109,"column":55},"skip":true},"28":{"start":{"line":110,"column":12},"end":{"line":110,"column":48},"skip":true},"29":{"start":{"line":113,"column":8},"end":{"line":126,"column":10},"skip":true},"30":{"start":{"line":120,"column":12},"end":{"line":120,"column":76},"skip":true},"31":{"start":{"line":121,"column":12},"end":{"line":121,"column":73},"skip":true},"32":{"start":{"line":122,"column":12},"end":{"line":122,"column":74},"skip":true},"33":{"start":{"line":123,"column":12},"end":{"line":123,"column":79},"skip":true},"34":{"start":{"line":124,"column":12},"end":{"line":124,"column":25},"skip":true},"35":{"start":{"line":125,"column":12},"end":{"line":125,"column":45},"skip":true},"36":{"start":{"line":128,"column":8},"end":{"line":135,"column":14},"skip":true},"37":{"start":{"line":133,"column":16},"end":{"line":133,"column":29},"skip":true},"38":{"start":{"line":134,"column":16},"end":{"line":134,"column":55},"skip":true},"39":{"start":{"line":137,"column":8},"end":{"line":146,"column":10},"skip":true},"40":{"start":{"line":144,"column":12},"end":{"line":144,"column":25},"skip":true},"41":{"start":{"line":145,"column":12},"end":{"line":145,"column":45},"skip":true},"42":{"start":{"line":148,"column":8},"end":{"line":157,"column":10},"skip":true},"43":{"start":{"line":155,"column":12},"end":{"line":155,"column":25},"skip":true},"44":{"start":{"line":156,"column":12},"end":{"line":156,"column":48},"skip":true},"45":{"start":{"line":159,"column":8},"end":{"line":168,"column":10},"skip":true},"46":{"start":{"line":166,"column":12},"end":{"line":166,"column":25},"skip":true},"47":{"start":{"line":167,"column":12},"end":{"line":167,"column":46},"skip":true},"48":{"start":{"line":170,"column":8},"end":{"line":179,"column":10},"skip":true},"49":{"start":{"line":177,"column":12},"end":{"line":177,"column":94},"skip":true},"50":{"start":{"line":178,"column":12},"end":{"line":178,"column":48},"skip":true},"51":{"start":{"line":182,"column":8},"end":{"line":182,"column":35},"skip":true},"52":{"start":{"line":183,"column":8},"end":{"line":183,"column":14},"skip":true}},"branchMap":{"1":{"line":25,"type":"binary-expr","locations":[{"start":{"line":25,"column":23},"end":{"line":25,"column":62}},{"start":{"line":26,"column":20},"end":{"line":26,"column":70}},{"start":{"line":27,"column":20},"end":{"line":27,"column":71}},{"start":{"line":28,"column":20},"end":{"line":28,"column":29}}]},"2":{"line":30,"type":"binary-expr","locations":[{"start":{"line":30,"column":23},"end":{"line":30,"column":37}},{"start":{"line":31,"column":20},"end":{"line":31,"column":61}},{"start":{"line":32,"column":20},"end":{"line":32,"column":70}},{"start":{"line":33,"column":20},"end":{"line":33,"column":26}}]},"3":{"line":37,"type":"cond-expr","locations":[{"start":{"line":38,"column":14},"end":{"line":38,"column":20}},{"start":{"line":39,"column":14},"end":{"line":39,"column":20}}]},"4":{"line":40,"type":"switch","locations":[{"start":{"line":42,"column":8},"end":{"line":47,"column":18}},{"start":{"line":49,"column":8},"end":{"line":52,"column":18}}]},"5":{"line":44,"type":"binary-expr","locations":[{"start":{"line":44,"column":16},"end":{"line":44,"column":44}},{"start":{"line":44,"column":48},"end":{"line":44,"column":66}}]},"6":{"line":50,"type":"binary-expr","locations":[{"start":{"line":50,"column":21},"end":{"line":50,"column":49}},{"start":{"line":50,"column":53},"end":{"line":50,"column":72}}]},"7":{"line":64,"type":"switch","locations":[{"start":{"line":69,"column":4},"end":{"line":70,"column":14}},{"start":{"line":75,"column":4},"end":{"line":76,"column":14}}]},"8":{"line":85,"type":"switch","locations":[{"start":{"line":90,"column":4},"end":{"line":95,"column":14}},{"start":{"line":101,"column":4},"end":{"line":183,"column":14},"skip":true}]},"9":{"line":92,"type":"binary-expr","locations":[{"start":{"line":92,"column":18},"end":{"line":92,"column":32}},{"start":{"line":93,"column":12},"end":{"line":93,"column":53}},{"start":{"line":94,"column":12},"end":{"line":94,"column":61}}]},"10":{"line":102,"type":"binary-expr","locations":[{"start":{"line":102,"column":45},"end":{"line":102,"column":79},"skip":true},{"start":{"line":102,"column":83},"end":{"line":111,"column":9},"skip":true}]},"11":{"line":113,"type":"binary-expr","locations":[{"start":{"line":113,"column":42},"end":{"line":113,"column":73},"skip":true},{"start":{"line":113,"column":77},"end":{"line":126,"column":9},"skip":true}]},"12":{"line":128,"type":"binary-expr","locations":[{"start":{"line":128,"column":48},"end":{"line":128,"column":85},"skip":true},{"start":{"line":129,"column":12},"end":{"line":135,"column":13},"skip":true}]},"13":{"line":137,"type":"binary-expr","locations":[{"start":{"line":137,"column":42},"end":{"line":137,"column":73},"skip":true},{"start":{"line":137,"column":77},"end":{"line":146,"column":9},"skip":true}]},"14":{"line":148,"type":"binary-expr","locations":[{"start":{"line":148,"column":45},"end":{"line":148,"column":79},"skip":true},{"start":{"line":148,"column":83},"end":{"line":157,"column":9},"skip":true}]},"15":{"line":159,"type":"binary-expr","locations":[{"start":{"line":159,"column":43},"end":{"line":159,"column":75},"skip":true},{"start":{"line":159,"column":79},"end":{"line":168,"column":9},"skip":true}]},"16":{"line":170,"type":"binary-expr","locations":[{"start":{"line":170,"column":41},"end":{"line":170,"column":71},"skip":true},{"start":{"line":170,"column":75},"end":{"line":179,"column":9},"skip":true}]}},"code":["/* istanbul instrument in package npmtest_vinyl_ftp */","/*jslint","    bitwise: true,","    browser: true,","    maxerr: 8,","    maxlen: 96,","    node: true,","    nomen: true,","    regexp: true,","    stupid: true","*/","(function () {","    'use strict';","    var local;","","","","    // run shared js-env code - pre-init","    (function () {","        // init local","        local = {};","        // init modeJs","        local.modeJs = (function () {","            try {","                return typeof navigator.userAgent === 'string' &&","                    typeof document.querySelector('body') === 'object' &&","                    typeof XMLHttpRequest.prototype.open === 'function' &&","                    'browser';","            } catch (errorCaughtBrowser) {","                return module.exports &&","                    typeof process.versions.node === 'string' &&","                    typeof require('http').createServer === 'function' &&","                    'node';","            }","        }());","        // init global","        local.global = local.modeJs === 'browser'","            ? window","            : global;","        switch (local.modeJs) {","        // re-init local from window.local","        case 'browser':","            local = local.global.utility2.objectSetDefault(","                local.global.utility2_rollup || local.global.local,","                local.global.utility2","            );","            break;","        // re-init local from example.js","        case 'node':","            local = (local.global.utility2_rollup || require('utility2'))","                .requireExampleJsFromReadme();","            break;","        }","        // export local","        local.global.local = local;","    }());","","","","    // run shared js-env code - function","    (function () {","        return;","    }());","    switch (local.modeJs) {","","","","    // run browser js-env code - function","    case 'browser':","        break;","","","","    // run node js-env code - function","    case 'node':","        break;","    }","","","","    // run shared js-env code - post-init","    (function () {","        return;","    }());","    switch (local.modeJs) {","","","","    // run browser js-env code - post-init","    case 'browser':","        // run tests","        local.nop(local.modeTest &&","            document.querySelector('#testRunButton1') &&","            document.querySelector('#testRunButton1').click());","        break;","","","","    // run node js-env code - post-init","    /* istanbul ignore next */","    case 'node':","        local.testCase_buildApidoc_default = local.testCase_buildApidoc_default || function (","            options,","            onError","        ) {","        /*","         * this function will test buildApidoc's default handling-behavior-behavior","         */","            options = { modulePathList: module.paths };","            local.buildApidoc(options, onError);","        };","","        local.testCase_buildApp_default = local.testCase_buildApp_default || function (","            options,","            onError","        ) {","        /*","         * this function will test buildApp's default handling-behavior-behavior","         */","            local.testCase_buildReadme_default(options, local.onErrorThrow);","            local.testCase_buildLib_default(options, local.onErrorThrow);","            local.testCase_buildTest_default(options, local.onErrorThrow);","            local.testCase_buildCustomOrg_default(options, local.onErrorThrow);","            options = [];","            local.buildApp(options, onError);","        };","","        local.testCase_buildCustomOrg_default = local.testCase_buildCustomOrg_default ||","            function (options, onError) {","            /*","             * this function will test buildCustomOrg's default handling-behavior","             */","                options = {};","                local.buildCustomOrg(options, onError);","            };","","        local.testCase_buildLib_default = local.testCase_buildLib_default || function (","            options,","            onError","        ) {","        /*","         * this function will test buildLib's default handling-behavior","         */","            options = {};","            local.buildLib(options, onError);","        };","","        local.testCase_buildReadme_default = local.testCase_buildReadme_default || function (","            options,","            onError","        ) {","        /*","         * this function will test buildReadme's default handling-behavior-behavior","         */","            options = {};","            local.buildReadme(options, onError);","        };","","        local.testCase_buildTest_default = local.testCase_buildTest_default || function (","            options,","            onError","        ) {","        /*","         * this function will test buildTest's default handling-behavior","         */","            options = {};","            local.buildTest(options, onError);","        };","","        local.testCase_webpage_default = local.testCase_webpage_default || function (","            options,","            onError","        ) {","        /*","         * this function will test webpage's default handling-behavior","         */","            options = { modeCoverageMerge: true, url: local.serverLocalHost + '?modeTest=1' };","            local.browserTest(options, onError);","        };","","        // run test-server","        local.testRunServer(local);","        break;","    }","}());",""],"l":{"12":2,"14":2,"19":2,"21":2,"23":2,"24":2,"25":2,"30":1,"37":2,"40":2,"43":1,"47":1,"50":1,"52":1,"55":2,"61":2,"62":2,"64":2,"70":1,"76":1,"82":2,"83":2,"85":2,"92":1,"95":1,"102":1,"109":1,"110":1,"113":1,"120":1,"121":1,"122":1,"123":1,"124":1,"125":1,"128":1,"133":2,"134":2,"137":1,"144":2,"145":2,"148":1,"155":2,"156":2,"159":1,"166":2,"167":2,"170":1,"177":1,"178":1,"182":1,"183":1}},"/home/travis/build/npmtest/node-npmtest-vinyl-ftp/lib.npmtest_vinyl_ftp.js":{"path":"/home/travis/build/npmtest/node-npmtest-vinyl-ftp/lib.npmtest_vinyl_ftp.js","s":{"1":2,"2":2,"3":2,"4":2,"5":2,"6":2,"7":2,"8":1,"9":2,"10":2,"11":2,"12":2,"13":1,"14":1,"15":1,"16":1},"b":{"1":[2,1,1,1],"2":[1,1,1,1],"3":[1,1],"4":[2,2],"5":[1,1]},"f":{"1":2,"2":2,"3":2},"fnMap":{"1":{"name":"(anonymous_1)","line":12,"loc":{"start":{"line":12,"column":1},"end":{"line":12,"column":13}}},"2":{"name":"(anonymous_2)","line":19,"loc":{"start":{"line":19,"column":5},"end":{"line":19,"column":17}}},"3":{"name":"(anonymous_3)","line":23,"loc":{"start":{"line":23,"column":24},"end":{"line":23,"column":36}}}},"statementMap":{"1":{"start":{"line":12,"column":0},"end":{"line":53,"column":5}},"2":{"start":{"line":14,"column":4},"end":{"line":14,"column":14}},"3":{"start":{"line":19,"column":4},"end":{"line":52,"column":9}},"4":{"start":{"line":21,"column":8},"end":{"line":21,"column":19}},"5":{"start":{"line":23,"column":8},"end":{"line":35,"column":13}},"6":{"start":{"line":24,"column":12},"end":{"line":34,"column":13}},"7":{"start":{"line":25,"column":16},"end":{"line":28,"column":30}},"8":{"start":{"line":30,"column":16},"end":{"line":33,"column":27}},"9":{"start":{"line":37,"column":8},"end":{"line":39,"column":21}},"10":{"start":{"line":41,"column":8},"end":{"line":41,"column":54}},"11":{"start":{"line":43,"column":8},"end":{"line":43,"column":54}},"12":{"start":{"line":45,"column":8},"end":{"line":51,"column":9}},"13":{"start":{"line":46,"column":12},"end":{"line":46,"column":60}},"14":{"start":{"line":48,"column":12},"end":{"line":48,"column":35}},"15":{"start":{"line":49,"column":12},"end":{"line":49,"column":49}},"16":{"start":{"line":50,"column":12},"end":{"line":50,"column":43}}},"branchMap":{"1":{"line":25,"type":"binary-expr","locations":[{"start":{"line":25,"column":23},"end":{"line":25,"column":62}},{"start":{"line":26,"column":20},"end":{"line":26,"column":70}},{"start":{"line":27,"column":20},"end":{"line":27,"column":71}},{"start":{"line":28,"column":20},"end":{"line":28,"column":29}}]},"2":{"line":30,"type":"binary-expr","locations":[{"start":{"line":30,"column":23},"end":{"line":30,"column":37}},{"start":{"line":31,"column":20},"end":{"line":31,"column":61}},{"start":{"line":32,"column":20},"end":{"line":32,"column":70}},{"start":{"line":33,"column":20},"end":{"line":33,"column":26}}]},"3":{"line":37,"type":"cond-expr","locations":[{"start":{"line":38,"column":14},"end":{"line":38,"column":20}},{"start":{"line":39,"column":14},"end":{"line":39,"column":20}}]},"4":{"line":41,"type":"binary-expr","locations":[{"start":{"line":41,"column":16},"end":{"line":41,"column":44}},{"start":{"line":41,"column":48},"end":{"line":41,"column":53}}]},"5":{"line":45,"type":"if","locations":[{"start":{"line":45,"column":8},"end":{"line":45,"column":8}},{"start":{"line":45,"column":8},"end":{"line":45,"column":8}}]}},"code":["/* istanbul instrument in package npmtest_vinyl_ftp */","/*jslint","    bitwise: true,","    browser: true,","    maxerr: 8,","    maxlen: 96,","    node: true,","    nomen: true,","    regexp: true,","    stupid: true","*/","(function () {","    'use strict';","    var local;","","","","    // run shared js-env code - pre-init","    (function () {","        // init local","        local = {};","        // init modeJs","        local.modeJs = (function () {","            try {","                return typeof navigator.userAgent === 'string' &&","                    typeof document.querySelector('body') === 'object' &&","                    typeof XMLHttpRequest.prototype.open === 'function' &&","                    'browser';","            } catch (errorCaughtBrowser) {","                return module.exports &&","                    typeof process.versions.node === 'string' &&","                    typeof require('http').createServer === 'function' &&","                    'node';","            }","        }());","        // init global","        local.global = local.modeJs === 'browser'","            ? window","            : global;","        // init utility2_rollup","        local = local.global.utility2_rollup || local;","        // init lib","        local.local = local.npmtest_vinyl_ftp = local;","        // init exports","        if (local.modeJs === 'browser') {","            local.global.utility2_npmtest_vinyl_ftp = local;","        } else {","            module.exports = local;","            module.exports.__dirname = __dirname;","            module.exports.module = module;","        }","    }());","}());",""],"l":{"12":2,"14":2,"19":2,"21":2,"23":2,"24":2,"25":2,"30":1,"37":2,"41":2,"43":2,"45":2,"46":1,"48":1,"49":1,"50":1}},"/home/travis/build/npmtest/node-npmtest-vinyl-ftp/example.js":{"path":"/home/travis/build/npmtest/node-npmtest-vinyl-ftp/example.js","s":{"1":2,"2":2,"3":2,"4":2,"5":2,"6":2,"7":2,"8":1,"9":2,"10":2,"11":2,"12":2,"13":1,"14":2,"15":2,"16":2,"17":2,"18":2,"19":0,"20":2,"21":1,"22":1,"23":1,"24":1,"25":1,"26":0,"27":0,"28":1,"29":1,"30":2,"31":0,"32":0,"33":0,"34":1,"35":2,"36":2,"37":2,"38":2,"39":2,"40":2,"41":0,"42":2,"43":2,"44":2,"45":1,"46":3,"47":1,"48":1,"49":1,"50":1,"51":1,"52":1,"53":1,"54":1,"55":1,"56":1,"57":0,"58":1,"59":6,"60":6,"61":1,"62":2,"63":0,"64":2,"65":1,"66":1,"67":0,"68":0,"69":0,"70":0,"71":0,"72":0,"73":0,"74":0,"75":0,"76":0,"77":0,"78":0,"79":0,"80":0,"81":0,"82":0,"83":0},"b":{"1":[2,1,1,1],"2":[1,1,1,1],"3":[1,1],"4":[2,2],"5":[1,1],"6":[1,1],"7":[2,0],"8":[2,1,1,1,1,1],"9":[0,2,0],"10":[1,1],"11":[2,1,1],"12":[1,0],"13":[0,2],"14":[2,0,0,0,0,0,0],"15":[0,2],"16":[2,0],"17":[1,1],"18":[0,1],"19":[1,2,0,2],"20":[1,0],"21":[1,1],"22":[0,0],"23":[0,0],"24":[0,0],"25":[0,0],"26":[0,0],"27":[0,0],"28":[0,0]},"f":{"1":2,"2":2,"3":2,"4":2,"5":2,"6":2,"7":2,"8":2,"9":3,"10":1,"11":6,"12":0},"fnMap":{"1":{"name":"(anonymous_1)","line":26,"loc":{"start":{"line":26,"column":1},"end":{"line":26,"column":13}}},"2":{"name":"(anonymous_2)","line":33,"loc":{"start":{"line":33,"column":5},"end":{"line":33,"column":17}}},"3":{"name":"(anonymous_3)","line":37,"loc":{"start":{"line":37,"column":24},"end":{"line":37,"column":36}}},"4":{"name":"(anonymous_4)","line":69,"loc":{"start":{"line":69,"column":31},"end":{"line":69,"column":48}},"skip":true},"5":{"name":"(anonymous_5)","line":78,"loc":{"start":{"line":78,"column":26},"end":{"line":78,"column":45}},"skip":true},"6":{"name":"(anonymous_6)","line":123,"loc":{"start":{"line":123,"column":33},"end":{"line":123,"column":48}},"skip":true},"7":{"name":"(anonymous_7)","line":125,"loc":{"start":{"line":125,"column":27},"end":{"line":125,"column":39}},"skip":true},"8":{"name":"(anonymous_8)","line":133,"loc":{"start":{"line":133,"column":59},"end":{"line":133,"column":74}},"skip":true},"9":{"name":"(anonymous_9)","line":143,"loc":{"start":{"line":143,"column":45},"end":{"line":143,"column":62}},"skip":true},"10":{"name":"(anonymous_10)","line":144,"loc":{"start":{"line":144,"column":73},"end":{"line":144,"column":92}},"skip":true},"11":{"name":"(anonymous_11)","line":272,"loc":{"start":{"line":272,"column":51},"end":{"line":272,"column":77}},"skip":true},"12":{"name":"(anonymous_12)","line":314,"loc":{"start":{"line":314,"column":32},"end":{"line":314,"column":61}},"skip":true}},"statementMap":{"1":{"start":{"line":26,"column":0},"end":{"line":325,"column":5}},"2":{"start":{"line":28,"column":4},"end":{"line":28,"column":14}},"3":{"start":{"line":33,"column":4},"end":{"line":60,"column":9}},"4":{"start":{"line":35,"column":8},"end":{"line":35,"column":19}},"5":{"start":{"line":37,"column":8},"end":{"line":49,"column":13}},"6":{"start":{"line":38,"column":12},"end":{"line":48,"column":13}},"7":{"start":{"line":39,"column":16},"end":{"line":42,"column":30}},"8":{"start":{"line":44,"column":16},"end":{"line":47,"column":27}},"9":{"start":{"line":51,"column":8},"end":{"line":53,"column":21}},"10":{"start":{"line":55,"column":8},"end":{"line":57,"column":45}},"11":{"start":{"line":59,"column":8},"end":{"line":59,"column":35}},"12":{"start":{"line":61,"column":4},"end":{"line":324,"column":5}},"13":{"start":{"line":69,"column":8},"end":{"line":121,"column":10},"skip":true},"14":{"start":{"line":70,"column":12},"end":{"line":88,"column":13},"skip":true},"15":{"start":{"line":76,"column":16},"end":{"line":87,"column":19},"skip":true},"16":{"start":{"line":79,"column":20},"end":{"line":86,"column":21},"skip":true},"17":{"start":{"line":82,"column":24},"end":{"line":82,"column":43},"skip":true},"18":{"start":{"line":83,"column":24},"end":{"line":83,"column":30},"skip":true},"19":{"start":{"line":85,"column":24},"end":{"line":85,"column":49},"skip":true},"20":{"start":{"line":89,"column":12},"end":{"line":107,"column":13},"skip":true},"21":{"start":{"line":92,"column":16},"end":{"line":102,"column":17},"skip":true},"22":{"start":{"line":93,"column":20},"end":{"line":93,"column":86},"skip":true},"23":{"start":{"line":94,"column":20},"end":{"line":95,"column":45},"skip":true},"24":{"start":{"line":96,"column":20},"end":{"line":96,"column":42},"skip":true},"25":{"start":{"line":97,"column":20},"end":{"line":97,"column":48},"skip":true},"26":{"start":{"line":100,"column":20},"end":{"line":100,"column":85},"skip":true},"27":{"start":{"line":101,"column":20},"end":{"line":101,"column":96},"skip":true},"28":{"start":{"line":103,"column":16},"end":{"line":103,"column":22},"skip":true},"29":{"start":{"line":106,"column":16},"end":{"line":106,"column":22},"skip":true},"30":{"start":{"line":108,"column":12},"end":{"line":120,"column":13},"skip":true},"31":{"start":{"line":114,"column":16},"end":{"line":119,"column":17},"skip":true},"32":{"start":{"line":116,"column":20},"end":{"line":116,"column":78},"skip":true},"33":{"start":{"line":118,"column":20},"end":{"line":118,"column":53},"skip":true},"34":{"start":{"line":123,"column":8},"end":{"line":141,"column":11},"skip":true},"35":{"start":{"line":124,"column":12},"end":{"line":124,"column":54},"skip":true},"36":{"start":{"line":125,"column":12},"end":{"line":140,"column":14},"skip":true},"37":{"start":{"line":126,"column":16},"end":{"line":126,"column":28},"skip":true},"38":{"start":{"line":127,"column":16},"end":{"line":127,"column":69},"skip":true},"39":{"start":{"line":128,"column":16},"end":{"line":128,"column":75},"skip":true},"40":{"start":{"line":129,"column":16},"end":{"line":131,"column":17},"skip":true},"41":{"start":{"line":130,"column":20},"end":{"line":130,"column":27},"skip":true},"42":{"start":{"line":133,"column":16},"end":{"line":137,"column":36},"skip":true},"43":{"start":{"line":134,"column":20},"end":{"line":136,"column":55},"skip":true},"44":{"start":{"line":139,"column":16},"end":{"line":139,"column":57},"skip":true},"45":{"start":{"line":143,"column":8},"end":{"line":147,"column":11},"skip":true},"46":{"start":{"line":144,"column":12},"end":{"line":146,"column":15},"skip":true},"47":{"start":{"line":145,"column":16},"end":{"line":145,"column":70},"skip":true},"48":{"start":{"line":149,"column":8},"end":{"line":149,"column":31},"skip":true},"49":{"start":{"line":150,"column":8},"end":{"line":150,"column":14},"skip":true},"50":{"start":{"line":158,"column":8},"end":{"line":158,"column":31},"skip":true},"51":{"start":{"line":160,"column":8},"end":{"line":160,"column":33},"skip":true},"52":{"start":{"line":161,"column":8},"end":{"line":161,"column":37},"skip":true},"53":{"start":{"line":162,"column":8},"end":{"line":162,"column":35},"skip":true},"54":{"start":{"line":164,"column":8},"end":{"line":164,"column":50},"skip":true},"55":{"start":{"line":166,"column":8},"end":{"line":256,"column":2},"skip":true},"56":{"start":{"line":258,"column":8},"end":{"line":286,"column":9},"skip":true},"57":{"start":{"line":259,"column":12},"end":{"line":269,"column":14},"skip":true},"58":{"start":{"line":271,"column":12},"end":{"line":285,"column":19},"skip":true},"59":{"start":{"line":274,"column":20},"end":{"line":274,"column":35},"skip":true},"60":{"start":{"line":275,"column":20},"end":{"line":284,"column":21},"skip":true},"61":{"start":{"line":277,"column":24},"end":{"line":277,"column":64},"skip":true},"62":{"start":{"line":279,"column":24},"end":{"line":279,"column":40},"skip":true},"63":{"start":{"line":281,"column":24},"end":{"line":281,"column":40},"skip":true},"64":{"start":{"line":283,"column":24},"end":{"line":283,"column":39},"skip":true},"65":{"start":{"line":288,"column":8},"end":{"line":290,"column":9},"skip":true},"66":{"start":{"line":289,"column":12},"end":{"line":289,"column":18},"skip":true},"67":{"start":{"line":291,"column":8},"end":{"line":293,"column":54},"skip":true},"68":{"start":{"line":294,"column":8},"end":{"line":301,"column":37},"skip":true},"69":{"start":{"line":302,"column":8},"end":{"line":302,"column":82},"skip":true},"70":{"start":{"line":305,"column":8},"end":{"line":307,"column":9},"skip":true},"71":{"start":{"line":306,"column":12},"end":{"line":306,"column":82},"skip":true},"72":{"start":{"line":309,"column":8},"end":{"line":311,"column":9},"skip":true},"73":{"start":{"line":310,"column":12},"end":{"line":310,"column":18},"skip":true},"74":{"start":{"line":312,"column":8},"end":{"line":312,"column":54},"skip":true},"75":{"start":{"line":313,"column":8},"end":{"line":313,"column":69},"skip":true},"76":{"start":{"line":314,"column":8},"end":{"line":322,"column":36},"skip":true},"77":{"start":{"line":315,"column":12},"end":{"line":315,"column":61},"skip":true},"78":{"start":{"line":316,"column":12},"end":{"line":319,"column":13},"skip":true},"79":{"start":{"line":317,"column":16},"end":{"line":317,"column":75},"skip":true},"80":{"start":{"line":318,"column":16},"end":{"line":318,"column":23},"skip":true},"81":{"start":{"line":320,"column":12},"end":{"line":320,"column":38},"skip":true},"82":{"start":{"line":321,"column":12},"end":{"line":321,"column":27},"skip":true},"83":{"start":{"line":323,"column":8},"end":{"line":323,"column":14},"skip":true}},"branchMap":{"1":{"line":39,"type":"binary-expr","locations":[{"start":{"line":39,"column":23},"end":{"line":39,"column":62}},{"start":{"line":40,"column":20},"end":{"line":40,"column":70}},{"start":{"line":41,"column":20},"end":{"line":41,"column":71}},{"start":{"line":42,"column":20},"end":{"line":42,"column":29}}]},"2":{"line":44,"type":"binary-expr","locations":[{"start":{"line":44,"column":23},"end":{"line":44,"column":37}},{"start":{"line":45,"column":20},"end":{"line":45,"column":61}},{"start":{"line":46,"column":20},"end":{"line":46,"column":70}},{"start":{"line":47,"column":20},"end":{"line":47,"column":26}}]},"3":{"line":51,"type":"cond-expr","locations":[{"start":{"line":52,"column":14},"end":{"line":52,"column":20}},{"start":{"line":53,"column":14},"end":{"line":53,"column":20}}]},"4":{"line":55,"type":"binary-expr","locations":[{"start":{"line":55,"column":16},"end":{"line":55,"column":44}},{"start":{"line":55,"column":49},"end":{"line":57,"column":43}}]},"5":{"line":55,"type":"cond-expr","locations":[{"start":{"line":56,"column":14},"end":{"line":56,"column":53}},{"start":{"line":57,"column":14},"end":{"line":57,"column":43}}]},"6":{"line":61,"type":"switch","locations":[{"start":{"line":68,"column":4},"end":{"line":150,"column":14},"skip":true},{"start":{"line":156,"column":4},"end":{"line":323,"column":14},"skip":true}]},"7":{"line":70,"type":"if","locations":[{"start":{"line":70,"column":12},"end":{"line":70,"column":12},"skip":true},{"start":{"line":70,"column":12},"end":{"line":70,"column":12},"skip":true}]},"8":{"line":70,"type":"binary-expr","locations":[{"start":{"line":70,"column":16},"end":{"line":70,"column":22},"skip":true},{"start":{"line":70,"column":27},"end":{"line":70,"column":32},"skip":true},{"start":{"line":71,"column":20},"end":{"line":71,"column":39},"skip":true},{"start":{"line":72,"column":20},"end":{"line":72,"column":49},"skip":true},{"start":{"line":73,"column":20},"end":{"line":73,"column":58},"skip":true},{"start":{"line":74,"column":20},"end":{"line":74,"column":69},"skip":true}]},"9":{"line":79,"type":"switch","locations":[{"start":{"line":80,"column":20},"end":{"line":80,"column":33},"skip":true},{"start":{"line":81,"column":20},"end":{"line":83,"column":30},"skip":true},{"start":{"line":84,"column":20},"end":{"line":85,"column":49},"skip":true}]},"10":{"line":89,"type":"switch","locations":[{"start":{"line":90,"column":12},"end":{"line":103,"column":22},"skip":true},{"start":{"line":105,"column":12},"end":{"line":106,"column":22},"skip":true}]},"11":{"line":89,"type":"binary-expr","locations":[{"start":{"line":89,"column":20},"end":{"line":89,"column":25},"skip":true},{"start":{"line":89,"column":29},"end":{"line":89,"column":48},"skip":true},{"start":{"line":89,"column":52},"end":{"line":89,"column":74},"skip":true}]},"12":{"line":92,"type":"if","locations":[{"start":{"line":92,"column":16},"end":{"line":92,"column":16},"skip":true},{"start":{"line":92,"column":16},"end":{"line":92,"column":16},"skip":true}]},"13":{"line":108,"type":"if","locations":[{"start":{"line":108,"column":12},"end":{"line":108,"column":12},"skip":true},{"start":{"line":108,"column":12},"end":{"line":108,"column":12},"skip":true}]},"14":{"line":108,"type":"binary-expr","locations":[{"start":{"line":108,"column":16},"end":{"line":108,"column":61},"skip":true},{"start":{"line":108,"column":66},"end":{"line":108,"column":72},"skip":true},{"start":{"line":108,"column":77},"end":{"line":108,"column":82},"skip":true},{"start":{"line":109,"column":20},"end":{"line":109,"column":39},"skip":true},{"start":{"line":110,"column":20},"end":{"line":110,"column":49},"skip":true},{"start":{"line":111,"column":20},"end":{"line":111,"column":58},"skip":true},{"start":{"line":112,"column":20},"end":{"line":112,"column":68},"skip":true}]},"15":{"line":129,"type":"if","locations":[{"start":{"line":129,"column":16},"end":{"line":129,"column":16},"skip":true},{"start":{"line":129,"column":16},"end":{"line":129,"column":16},"skip":true}]},"16":{"line":134,"type":"cond-expr","locations":[{"start":{"line":135,"column":26},"end":{"line":135,"column":29},"skip":true},{"start":{"line":136,"column":26},"end":{"line":136,"column":54},"skip":true}]},"17":{"line":164,"type":"binary-expr","locations":[{"start":{"line":164,"column":27},"end":{"line":164,"column":43},"skip":true},{"start":{"line":164,"column":47},"end":{"line":164,"column":49},"skip":true}]},"18":{"line":258,"type":"if","locations":[{"start":{"line":258,"column":8},"end":{"line":258,"column":8},"skip":true},{"start":{"line":258,"column":8},"end":{"line":258,"column":8},"skip":true}]},"19":{"line":275,"type":"switch","locations":[{"start":{"line":276,"column":20},"end":{"line":277,"column":64},"skip":true},{"start":{"line":278,"column":20},"end":{"line":279,"column":40},"skip":true},{"start":{"line":280,"column":20},"end":{"line":281,"column":40},"skip":true},{"start":{"line":282,"column":20},"end":{"line":283,"column":39},"skip":true}]},"20":{"line":288,"type":"if","locations":[{"start":{"line":288,"column":8},"end":{"line":288,"column":8},"skip":true},{"start":{"line":288,"column":8},"end":{"line":288,"column":8},"skip":true}]},"21":{"line":288,"type":"binary-expr","locations":[{"start":{"line":288,"column":12},"end":{"line":288,"column":40},"skip":true},{"start":{"line":288,"column":44},"end":{"line":288,"column":67},"skip":true}]},"22":{"line":292,"type":"binary-expr","locations":[{"start":{"line":292,"column":12},"end":{"line":292,"column":50},"skip":true},{"start":{"line":293,"column":12},"end":{"line":293,"column":53},"skip":true}]},"23":{"line":295,"type":"binary-expr","locations":[{"start":{"line":295,"column":12},"end":{"line":295,"column":67},"skip":true},{"start":{"line":296,"column":12},"end":{"line":301,"column":36},"skip":true}]},"24":{"line":302,"type":"binary-expr","locations":[{"start":{"line":302,"column":43},"end":{"line":302,"column":75},"skip":true},{"start":{"line":302,"column":79},"end":{"line":302,"column":81},"skip":true}]},"25":{"line":305,"type":"if","locations":[{"start":{"line":305,"column":8},"end":{"line":305,"column":8},"skip":true},{"start":{"line":305,"column":8},"end":{"line":305,"column":8},"skip":true}]},"26":{"line":309,"type":"if","locations":[{"start":{"line":309,"column":8},"end":{"line":309,"column":8},"skip":true},{"start":{"line":309,"column":8},"end":{"line":309,"column":8},"skip":true}]},"27":{"line":312,"type":"binary-expr","locations":[{"start":{"line":312,"column":27},"end":{"line":312,"column":43},"skip":true},{"start":{"line":312,"column":47},"end":{"line":312,"column":53},"skip":true}]},"28":{"line":316,"type":"if","locations":[{"start":{"line":316,"column":12},"end":{"line":316,"column":12},"skip":true},{"start":{"line":316,"column":12},"end":{"line":316,"column":12},"skip":true}]}},"code":["/*","example.js","","quickstart example","","instruction","    1. save this script as example.js","    2. run the shell command:","        $ npm install npmtest-vinyl-ftp && PORT=8081 node example.js","    3. play with the browser-demo on http://127.0.0.1:8081","*/","","","","/* istanbul instrument in package npmtest_vinyl_ftp */","/*jslint","    bitwise: true,","    browser: true,","    maxerr: 8,","    maxlen: 96,","    node: true,","    nomen: true,","    regexp: true,","    stupid: true","*/","(function () {","    'use strict';","    var local;","","","","    // run shared js-env code - pre-init","    (function () {","        // init local","        local = {};","        // init modeJs","        local.modeJs = (function () {","            try {","                return typeof navigator.userAgent === 'string' &&","                    typeof document.querySelector('body') === 'object' &&","                    typeof XMLHttpRequest.prototype.open === 'function' &&","                    'browser';","            } catch (errorCaughtBrowser) {","                return module.exports &&","                    typeof process.versions.node === 'string' &&","                    typeof require('http').createServer === 'function' &&","                    'node';","            }","        }());","        // init global","        local.global = local.modeJs === 'browser'","            ? window","            : global;","        // init utility2_rollup","        local = local.global.utility2_rollup || (local.modeJs === 'browser'","            ? local.global.utility2_npmtest_vinyl_ftp","            : global.utility2_moduleExports);","        // export local","        local.global.local = local;","    }());","    switch (local.modeJs) {","","","","    // post-init","    // run browser js-env code - post-init","    /* istanbul ignore next */","    case 'browser':","        local.testRunBrowser = function (event) {","            if (!event || (event &&","                    event.currentTarget &&","                    event.currentTarget.className &&","                    event.currentTarget.className.includes &&","                    event.currentTarget.className.includes('onreset'))) {","                // reset output","                Array.from(","                    document.querySelectorAll('body > .resettable')","                ).forEach(function (element) {","                    switch (element.tagName) {","                    case 'INPUT':","                    case 'TEXTAREA':","                        element.value = '';","                        break;","                    default:","                        element.textContent = '';","                    }","                });","            }","            switch (event && event.currentTarget && event.currentTarget.id) {","            case 'testRunButton1':","                // show tests","                if (document.querySelector('#testReportDiv1').style.display === 'none') {","                    document.querySelector('#testReportDiv1').style.display = 'block';","                    document.querySelector('#testRunButton1').textContent =","                        'hide internal test';","                    local.modeTest = true;","                    local.testRunDefault(local);","                // hide tests","                } else {","                    document.querySelector('#testReportDiv1').style.display = 'none';","                    document.querySelector('#testRunButton1').textContent = 'run internal test';","                }","                break;","            // custom-case","            default:","                break;","            }","            if (document.querySelector('#inputTextareaEval1') && (!event || (event &&","                    event.currentTarget &&","                    event.currentTarget.className &&","                    event.currentTarget.className.includes &&","                    event.currentTarget.className.includes('oneval')))) {","                // try to eval input-code","                try {","                    /*jslint evil: true*/","                    eval(document.querySelector('#inputTextareaEval1').value);","                } catch (errorCaught) {","                    console.error(errorCaught.stack);","                }","            }","        };","        // log stderr and stdout to #outputTextareaStdout1","        ['error', 'log'].forEach(function (key) {","            console[key + '_original'] = console[key];","            console[key] = function () {","                var element;","                console[key + '_original'].apply(console, arguments);","                element = document.querySelector('#outputTextareaStdout1');","                if (!element) {","                    return;","                }","                // append text to #outputTextareaStdout1","                element.value += Array.from(arguments).map(function (arg) {","                    return typeof arg === 'string'","                        ? arg","                        : JSON.stringify(arg, null, 4);","                }).join(' ') + '\\n';","                // scroll textarea to bottom","                element.scrollTop = element.scrollHeight;","            };","        });","        // init event-handling","        ['change', 'click', 'keyup'].forEach(function (event) {","            Array.from(document.querySelectorAll('.on' + event)).forEach(function (element) {","                element.addEventListener(event, local.testRunBrowser);","            });","        });","        // run tests","        local.testRunBrowser();","        break;","","","","    // run node js-env code - post-init","    /* istanbul ignore next */","    case 'node':","        // export local","        module.exports = local;","        // require modules","        local.fs = require('fs');","        local.http = require('http');","        local.url = require('url');","        // init assets","        local.assetsDict = local.assetsDict || {};","        /* jslint-ignore-begin */","        local.assetsDict['/assets.index.template.html'] = '\\","<!doctype html>\\n\\","<html lang=\"en\">\\n\\","<head>\\n\\","<meta charset=\"UTF-8\">\\n\\","<meta name=\"viewport\" content=\"width=device-width, initial-scale=1\">\\n\\","<title>{{env.npm_package_name}} (v{{env.npm_package_version}})</title>\\n\\","<style>\\n\\","/*csslint\\n\\","    box-sizing: false,\\n\\","    universal-selector: false\\n\\","*/\\n\\","* {\\n\\","    box-sizing: border-box;\\n\\","}\\n\\","body {\\n\\","    background: #dde;\\n\\","    font-family: Arial, Helvetica, sans-serif;\\n\\","    margin: 2rem;\\n\\","}\\n\\","body > * {\\n\\","    margin-bottom: 1rem;\\n\\","}\\n\\",".utility2FooterDiv {\\n\\","    margin-top: 20px;\\n\\","    text-align: center;\\n\\","}\\n\\","</style>\\n\\","<style>\\n\\","/*csslint\\n\\","*/\\n\\","textarea {\\n\\","    font-family: monospace;\\n\\","    height: 10rem;\\n\\","    width: 100%;\\n\\","}\\n\\","textarea[readonly] {\\n\\","    background: #ddd;\\n\\","}\\n\\","</style>\\n\\","</head>\\n\\","<body>\\n\\","<!-- utility2-comment\\n\\","<div id=\"ajaxProgressDiv1\" style=\"background: #d00; height: 2px; left: 0; margin: 0; padding: 0; position: fixed; top: 0; transition: background 0.5s, width 1.5s; width: 25%;\"></div>\\n\\","utility2-comment -->\\n\\","<h1>\\n\\","<!-- utility2-comment\\n\\","    <a\\n\\","        {{#if env.npm_package_homepage}}\\n\\","        href=\"{{env.npm_package_homepage}}\"\\n\\","        {{/if env.npm_package_homepage}}\\n\\","        target=\"_blank\"\\n\\","    >\\n\\","utility2-comment -->\\n\\","        {{env.npm_package_name}} (v{{env.npm_package_version}})\\n\\","<!-- utility2-comment\\n\\","    </a>\\n\\","utility2-comment -->\\n\\","</h1>\\n\\","<h3>{{env.npm_package_description}}</h3>\\n\\","<!-- utility2-comment\\n\\","<h4><a download href=\"assets.app.js\">download standalone app</a></h4>\\n\\","<button class=\"onclick onreset\" id=\"testRunButton1\">run internal test</button><br>\\n\\","<div id=\"testReportDiv1\" style=\"display: none;\"></div>\\n\\","utility2-comment -->\\n\\","\\n\\","\\n\\","\\n\\","<label>stderr and stdout</label>\\n\\","<textarea class=\"resettable\" id=\"outputTextareaStdout1\" readonly></textarea>\\n\\","<!-- utility2-comment\\n\\","{{#if isRollup}}\\n\\","<script src=\"assets.app.js\"></script>\\n\\","{{#unless isRollup}}\\n\\","utility2-comment -->\\n\\","<script src=\"assets.utility2.rollup.js\"></script>\\n\\","<script src=\"jsonp.utility2._stateInit?callback=window.utility2._stateInit\"></script>\\n\\","<script src=\"assets.npmtest_vinyl_ftp.rollup.js\"></script>\\n\\","<script src=\"assets.example.js\"></script>\\n\\","<script src=\"assets.test.js\"></script>\\n\\","<!-- utility2-comment\\n\\","{{/if isRollup}}\\n\\","utility2-comment -->\\n\\","<div class=\"utility2FooterDiv\">\\n\\","    [ this app was created with\\n\\","    <a href=\"https://github.com/kaizhu256/node-utility2\" target=\"_blank\">utility2</a>\\n\\","    ]\\n\\","</div>\\n\\","</body>\\n\\","</html>\\n\\","';","        /* jslint-ignore-end */","        if (local.templateRender) {","            local.assetsDict['/'] = local.templateRender(","                local.assetsDict['/assets.index.template.html'],","                {","                    env: local.objectSetDefault(local.env, {","                        npm_package_description: 'the greatest app in the world!',","                        npm_package_name: 'my-app',","                        npm_package_nameAlias: 'my_app',","                        npm_package_version: '0.0.1'","                    })","                }","            );","        } else {","            local.assetsDict['/'] = local.assetsDict['/assets.index.template.html']","                .replace((/\\{\\{env\\.(\\w+?)\\}\\}/g), function (match0, match1) {","                    // jslint-hack","                    String(match0);","                    switch (match1) {","                    case 'npm_package_description':","                        return 'the greatest app in the world!';","                    case 'npm_package_name':","                        return 'my-app';","                    case 'npm_package_nameAlias':","                        return 'my_app';","                    case 'npm_package_version':","                        return '0.0.1';","                    }","                });","        }","        // run the cli","        if (local.global.utility2_rollup || module !== require.main) {","            break;","        }","        local.assetsDict['/assets.example.js'] =","            local.assetsDict['/assets.example.js'] ||","            local.fs.readFileSync(__filename, 'utf8');","        local.assetsDict['/assets.npmtest_vinyl_ftp.rollup.js'] =","            local.assetsDict['/assets.npmtest_vinyl_ftp.rollup.js'] ||","            local.fs.readFileSync(","                // buildCustomOrg-hack","                local.npmtest_vinyl_ftp.__dirname +","                    '/lib.npmtest_vinyl_ftp.js',","                'utf8'","            ).replace((/^#!/), '//');","        local.assetsDict['/favicon.ico'] = local.assetsDict['/favicon.ico'] || '';","        // if $npm_config_timeout_exit exists,","        // then exit this process after $npm_config_timeout_exit ms","        if (Number(process.env.npm_config_timeout_exit)) {","            setTimeout(process.exit, Number(process.env.npm_config_timeout_exit));","        }","        // start server","        if (local.global.utility2_serverHttp1) {","            break;","        }","        process.env.PORT = process.env.PORT || '8081';","        console.error('server starting on port ' + process.env.PORT);","        local.http.createServer(function (request, response) {","            request.urlParsed = local.url.parse(request.url);","            if (local.assetsDict[request.urlParsed.pathname] !== undefined) {","                response.end(local.assetsDict[request.urlParsed.pathname]);","                return;","            }","            response.statusCode = 404;","            response.end();","        }).listen(process.env.PORT);","        break;","    }","}());",""],"l":{"26":2,"28":2,"33":2,"35":2,"37":2,"38":2,"39":2,"44":1,"51":2,"55":2,"59":2,"61":2,"69":1,"70":2,"76":2,"79":2,"82":2,"83":2,"85":1,"89":2,"92":1,"93":1,"94":1,"96":1,"97":1,"100":1,"101":1,"103":1,"106":1,"108":2,"114":1,"116":1,"118":1,"123":1,"124":2,"125":2,"126":2,"127":2,"128":2,"129":2,"130":1,"133":2,"134":2,"139":2,"143":1,"144":3,"145":1,"149":1,"150":1,"158":1,"160":1,"161":1,"162":1,"164":1,"166":1,"258":1,"259":1,"271":1,"274":6,"275":6,"277":1,"279":2,"281":1,"283":2,"288":1,"289":1,"291":1,"294":1,"302":1,"305":1,"306":1,"309":1,"310":1,"312":1,"313":1,"314":1,"315":1,"316":1,"317":1,"318":1,"320":1,"321":1,"323":1}},"/home/travis/build/npmtest/node-npmtest-vinyl-ftp/vinyl-ftp/index.js":{"path":"/home/travis/build/npmtest/node-npmtest-vinyl-ftp/vinyl-ftp/index.js","s":{"1":1,"2":1,"3":1,"4":0,"5":0,"6":0,"7":0,"8":0,"9":0,"10":0,"11":1,"12":0,"13":1,"14":1,"15":1,"16":1,"17":1,"18":1,"19":1,"20":1},"b":{"1":[0,0],"2":[0,0],"3":[0,0]},"f":{"1":0,"2":0},"fnMap":{"1":{"name":"VinylFtp","line":5,"loc":{"start":{"line":5,"column":0},"end":{"line":5,"column":28}}},"2":{"name":"(anonymous_2)","line":27,"loc":{"start":{"line":27,"column":18},"end":{"line":27,"column":38}}}},"statementMap":{"1":{"start":{"line":1,"column":0},"end":{"line":1,"column":40}},"2":{"start":{"line":3,"column":0},"end":{"line":3,"column":26}},"3":{"start":{"line":5,"column":0},"end":{"line":25,"column":1}},"4":{"start":{"line":7,"column":1},"end":{"line":7,"column":68}},"5":{"start":{"line":7,"column":38},"end":{"line":7,"column":68}},"6":{"start":{"line":9,"column":1},"end":{"line":17,"column":13}},"7":{"start":{"line":20,"column":1},"end":{"line":20,"column":17}},"8":{"start":{"line":21,"column":1},"end":{"line":21,"column":26}},"9":{"start":{"line":22,"column":1},"end":{"line":22,"column":16}},"10":{"start":{"line":23,"column":1},"end":{"line":23,"column":23}},"11":{"start":{"line":27,"column":0},"end":{"line":31,"column":2}},"12":{"start":{"line":29,"column":1},"end":{"line":29,"column":31}},"13":{"start":{"line":33,"column":0},"end":{"line":33,"column":50}},"14":{"start":{"line":34,"column":0},"end":{"line":34,"column":48}},"15":{"start":{"line":35,"column":0},"end":{"line":35,"column":50}},"16":{"start":{"line":36,"column":0},"end":{"line":36,"column":54}},"17":{"start":{"line":37,"column":0},"end":{"line":37,"column":52}},"18":{"start":{"line":38,"column":0},"end":{"line":38,"column":50}},"19":{"start":{"line":39,"column":0},"end":{"line":39,"column":52}},"20":{"start":{"line":41,"column":0},"end":{"line":47,"column":2}}},"branchMap":{"1":{"line":7,"type":"if","locations":[{"start":{"line":7,"column":1},"end":{"line":7,"column":1}},{"start":{"line":7,"column":1},"end":{"line":7,"column":1}}]},"2":{"line":11,"type":"binary-expr","locations":[{"start":{"line":11,"column":18},"end":{"line":11,"column":33}},{"start":{"line":11,"column":37},"end":{"line":11,"column":38}}]},"3":{"line":15,"type":"binary-expr","locations":[{"start":{"line":15,"column":18},"end":{"line":15,"column":33}},{"start":{"line":15,"column":37},"end":{"line":15,"column":48}}]}},"code":["var assign = require( 'object-assign' );","","module.exports = VinylFtp;","","function VinylFtp( config ) {","","\tif ( !( this instanceof VinylFtp ) ) return new VinylFtp( config );","","\tthis.config = assign( {","\t\tparallel:       3,","\t\tmaxConnections: config.parallel || 5,","\t\tlog:            null,","\t\ttimeOffset:     0,","\t\tidleTimeout:    100,","\t\tpassword:       config.password || config.pass,","\t\treload:         false","\t}, config );","","\t// connection pool","\tthis.queue = [];","\tthis.connectionCount = 0;","\tthis.idle = [];","\tthis.idleTimer = null;","","}","","VinylFtp.create = function ( config ) {","","\treturn new VinylFtp( config );","","};","","VinylFtp.prototype.glob = require( './lib/glob' );","VinylFtp.prototype.src = require( './lib/src' );","VinylFtp.prototype.dest = require( './lib/dest' );","VinylFtp.prototype.delete = require( './lib/delete' );","VinylFtp.prototype.rmdir = require( './lib/rmdir' );","VinylFtp.prototype.dest = require( './lib/dest' );","VinylFtp.prototype.clean = require( './lib/clean' );","","assign(","\tVinylFtp.prototype,","\trequire( './lib/filter' ),","\trequire( './lib/mode' ),","\trequire( './lib/ftp' ),","\trequire( './lib/helpers' )",");",""],"l":{"1":1,"3":1,"5":1,"7":0,"9":0,"20":0,"21":0,"22":0,"23":0,"27":1,"29":0,"33":1,"34":1,"35":1,"36":1,"37":1,"38":1,"39":1,"41":1}},"/home/travis/build/npmtest/node-npmtest-vinyl-ftp/vinyl-ftp/lib/glob.js":{"path":"/home/travis/build/npmtest/node-npmtest-vinyl-ftp/vinyl-ftp/lib/glob.js","s":{"1":1,"2":1,"3":1,"4":1,"5":1,"6":0,"7":0,"8":0,"9":0,"10":0,"11":0,"12":0,"13":0,"14":0,"15":0,"16":0,"17":0,"18":0,"19":0,"20":1,"21":0,"22":0,"23":1,"24":0,"25":0,"26":0,"27":0,"28":0,"29":0,"30":0,"31":0,"32":0,"33":0,"34":1,"35":0,"36":0,"37":0,"38":0,"39":1,"40":0,"41":0,"42":0,"43":0,"44":0,"45":0,"46":0,"47":0,"48":0,"49":0,"50":0,"51":0,"52":0,"53":0,"54":0,"55":0,"56":0,"57":0,"58":0,"59":0,"60":1,"61":0,"62":0,"63":0,"64":0,"65":0,"66":0,"67":0,"68":0,"69":0,"70":0,"71":1,"72":0,"73":0,"74":0,"75":0},"b":{"1":[0,0],"2":[0,0],"3":[0,0],"4":[0,0],"5":[0,0],"6":[0,0],"7":[0,0],"8":[0,0],"9":[0,0],"10":[0,0],"11":[0,0],"12":[0,0],"13":[0,0],"14":[0,0],"15":[0,0],"16":[0,0]},"f":{"1":0,"2":0,"3":0,"4":0,"5":0,"6":0,"7":0,"8":0,"9":0,"10":0,"11":0},"fnMap":{"1":{"name":"glob","line":7,"loc":{"start":{"line":7,"column":0},"end":{"line":7,"column":32}}},"2":{"name":"(anonymous_2)","line":15,"loc":{"start":{"line":15,"column":16},"end":{"line":15,"column":34}}},"3":{"name":"scan","line":30,"loc":{"start":{"line":30,"column":1},"end":{"line":30,"column":27}}},"4":{"name":"onList","line":35,"loc":{"start":{"line":35,"column":2},"end":{"line":35,"column":32}}},"5":{"name":"(anonymous_5)","line":39,"loc":{"start":{"line":39,"column":18},"end":{"line":39,"column":36}}},"6":{"name":"write","line":62,"loc":{"start":{"line":62,"column":1},"end":{"line":62,"column":24}}},"7":{"name":"match","line":73,"loc":{"start":{"line":73,"column":1},"end":{"line":73,"column":24}}},"8":{"name":"(anonymous_8)","line":106,"loc":{"start":{"line":106,"column":20},"end":{"line":106,"column":36}}},"9":{"name":"(anonymous_9)","line":108,"loc":{"start":{"line":108,"column":18},"end":{"line":108,"column":37}}},"10":{"name":"mmBase","line":123,"loc":{"start":{"line":123,"column":0},"end":{"line":123,"column":22}}},"11":{"name":"partsBase","line":145,"loc":{"start":{"line":145,"column":0},"end":{"line":145,"column":28}}}},"statementMap":{"1":{"start":{"line":1,"column":0},"end":{"line":1,"column":33}},"2":{"start":{"line":2,"column":0},"end":{"line":2,"column":39}},"3":{"start":{"line":3,"column":0},"end":{"line":3,"column":36}},"4":{"start":{"line":5,"column":0},"end":{"line":5,"column":22}},"5":{"start":{"line":7,"column":0},"end":{"line":118,"column":1}},"6":{"start":{"line":9,"column":1},"end":{"line":9,"column":39}},"7":{"start":{"line":10,"column":1},"end":{"line":10,"column":52}},"8":{"start":{"line":10,"column":34},"end":{"line":10,"column":52}},"9":{"start":{"line":12,"column":1},"end":{"line":12,"column":17}},"10":{"start":{"line":13,"column":1},"end":{"line":13,"column":20}},"11":{"start":{"line":14,"column":1},"end":{"line":14,"column":20}},"12":{"start":{"line":15,"column":1},"end":{"line":23,"column":5}},"13":{"start":{"line":17,"column":2},"end":{"line":17,"column":60}},"14":{"start":{"line":18,"column":2},"end":{"line":18,"column":25}},"15":{"start":{"line":20,"column":2},"end":{"line":21,"column":28}},"16":{"start":{"line":20,"column":19},"end":{"line":20,"column":40}},"17":{"start":{"line":21,"column":7},"end":{"line":21,"column":28}},"18":{"start":{"line":25,"column":1},"end":{"line":25,"column":61}},"19":{"start":{"line":26,"column":1},"end":{"line":26,"column":18}},"20":{"start":{"line":30,"column":1},"end":{"line":57,"column":2}},"21":{"start":{"line":32,"column":2},"end":{"line":32,"column":13}},"22":{"start":{"line":33,"column":2},"end":{"line":33,"column":34}},"23":{"start":{"line":35,"column":2},"end":{"line":55,"column":3}},"24":{"start":{"line":37,"column":3},"end":{"line":37,"column":49}},"25":{"start":{"line":37,"column":14},"end":{"line":37,"column":49}},"26":{"start":{"line":39,"column":3},"end":{"line":49,"column":7}},"27":{"start":{"line":41,"column":4},"end":{"line":45,"column":5}},"28":{"start":{"line":43,"column":5},"end":{"line":43,"column":27}},"29":{"start":{"line":47,"column":4},"end":{"line":47,"column":18}},"30":{"start":{"line":51,"column":3},"end":{"line":51,"column":14}},"31":{"start":{"line":53,"column":3},"end":{"line":53,"column":46}},"32":{"start":{"line":53,"column":25},"end":{"line":53,"column":46}},"33":{"start":{"line":60,"column":1},"end":{"line":60,"column":15}},"34":{"start":{"line":62,"column":1},"end":{"line":71,"column":2}},"35":{"start":{"line":64,"column":2},"end":{"line":69,"column":3}},"36":{"start":{"line":66,"column":3},"end":{"line":66,"column":28}},"37":{"start":{"line":67,"column":3},"end":{"line":67,"column":45}},"38":{"start":{"line":67,"column":24},"end":{"line":67,"column":45}},"39":{"start":{"line":73,"column":1},"end":{"line":103,"column":2}},"40":{"start":{"line":75,"column":2},"end":{"line":75,"column":17}},"41":{"start":{"line":76,"column":2},"end":{"line":76,"column":11}},"42":{"start":{"line":77,"column":2},"end":{"line":77,"column":11}},"43":{"start":{"line":79,"column":2},"end":{"line":89,"column":3}},"44":{"start":{"line":81,"column":3},"end":{"line":87,"column":4}},"45":{"start":{"line":83,"column":4},"end":{"line":83,"column":14}},"46":{"start":{"line":84,"column":4},"end":{"line":84,"column":47}},"47":{"start":{"line":85,"column":4},"end":{"line":85,"column":10}},"48":{"start":{"line":91,"column":2},"end":{"line":91,"column":26}},"49":{"start":{"line":91,"column":13},"end":{"line":91,"column":26}},"50":{"start":{"line":93,"column":2},"end":{"line":97,"column":3}},"51":{"start":{"line":95,"column":3},"end":{"line":95,"column":58}},"52":{"start":{"line":95,"column":45},"end":{"line":95,"column":58}},"53":{"start":{"line":99,"column":2},"end":{"line":99,"column":32}},"54":{"start":{"line":100,"column":2},"end":{"line":100,"column":19}},"55":{"start":{"line":101,"column":2},"end":{"line":101,"column":14}},"56":{"start":{"line":106,"column":1},"end":{"line":114,"column":5}},"57":{"start":{"line":108,"column":2},"end":{"line":112,"column":6}},"58":{"start":{"line":110,"column":3},"end":{"line":110,"column":34}},"59":{"start":{"line":116,"column":1},"end":{"line":116,"column":15}},"60":{"start":{"line":123,"column":0},"end":{"line":142,"column":1}},"61":{"start":{"line":125,"column":1},"end":{"line":125,"column":26}},"62":{"start":{"line":126,"column":1},"end":{"line":126,"column":10}},"63":{"start":{"line":128,"column":1},"end":{"line":138,"column":2}},"64":{"start":{"line":128,"column":8},"end":{"line":138,"column":2}},"65":{"start":{"line":130,"column":2},"end":{"line":130,"column":52}},"66":{"start":{"line":130,"column":40},"end":{"line":130,"column":52}},"67":{"start":{"line":132,"column":2},"end":{"line":136,"column":3}},"68":{"start":{"line":134,"column":3},"end":{"line":134,"column":54}},"69":{"start":{"line":134,"column":42},"end":{"line":134,"column":54}},"70":{"start":{"line":140,"column":1},"end":{"line":140,"column":40}},"71":{"start":{"line":145,"column":0},"end":{"line":155,"column":1}},"72":{"start":{"line":147,"column":1},"end":{"line":151,"column":2}},"73":{"start":{"line":149,"column":2},"end":{"line":149,"column":46}},"74":{"start":{"line":149,"column":40},"end":{"line":149,"column":46}},"75":{"start":{"line":153,"column":1},"end":{"line":153,"column":40}}},"branchMap":{"1":{"line":10,"type":"if","locations":[{"start":{"line":10,"column":1},"end":{"line":10,"column":1}},{"start":{"line":10,"column":1},"end":{"line":10,"column":1}}]},"2":{"line":20,"type":"if","locations":[{"start":{"line":20,"column":2},"end":{"line":20,"column":2}},{"start":{"line":20,"column":2},"end":{"line":20,"column":2}}]},"3":{"line":37,"type":"if","locations":[{"start":{"line":37,"column":3},"end":{"line":37,"column":3}},{"start":{"line":37,"column":3},"end":{"line":37,"column":3}}]},"4":{"line":41,"type":"if","locations":[{"start":{"line":41,"column":4},"end":{"line":41,"column":4}},{"start":{"line":41,"column":4},"end":{"line":41,"column":4}}]},"5":{"line":41,"type":"binary-expr","locations":[{"start":{"line":41,"column":9},"end":{"line":41,"column":33}},{"start":{"line":41,"column":37},"end":{"line":41,"column":64}}]},"6":{"line":53,"type":"if","locations":[{"start":{"line":53,"column":3},"end":{"line":53,"column":3}},{"start":{"line":53,"column":3},"end":{"line":53,"column":3}}]},"7":{"line":64,"type":"if","locations":[{"start":{"line":64,"column":2},"end":{"line":64,"column":2}},{"start":{"line":64,"column":2},"end":{"line":64,"column":2}}]},"8":{"line":67,"type":"if","locations":[{"start":{"line":67,"column":3},"end":{"line":67,"column":3}},{"start":{"line":67,"column":3},"end":{"line":67,"column":3}}]},"9":{"line":81,"type":"if","locations":[{"start":{"line":81,"column":3},"end":{"line":81,"column":3}},{"start":{"line":81,"column":3},"end":{"line":81,"column":3}}]},"10":{"line":84,"type":"binary-expr","locations":[{"start":{"line":84,"column":11},"end":{"line":84,"column":23}},{"start":{"line":84,"column":27},"end":{"line":84,"column":46}}]},"11":{"line":91,"type":"if","locations":[{"start":{"line":91,"column":2},"end":{"line":91,"column":2}},{"start":{"line":91,"column":2},"end":{"line":91,"column":2}}]},"12":{"line":95,"type":"if","locations":[{"start":{"line":95,"column":3},"end":{"line":95,"column":3}},{"start":{"line":95,"column":3},"end":{"line":95,"column":3}}]},"13":{"line":99,"type":"binary-expr","locations":[{"start":{"line":99,"column":13},"end":{"line":99,"column":24}},{"start":{"line":99,"column":28},"end":{"line":99,"column":31}}]},"14":{"line":130,"type":"if","locations":[{"start":{"line":130,"column":2},"end":{"line":130,"column":2}},{"start":{"line":130,"column":2},"end":{"line":130,"column":2}}]},"15":{"line":134,"type":"if","locations":[{"start":{"line":134,"column":3},"end":{"line":134,"column":3}},{"start":{"line":134,"column":3},"end":{"line":134,"column":3}}]},"16":{"line":149,"type":"if","locations":[{"start":{"line":149,"column":2},"end":{"line":149,"column":2}},{"start":{"line":149,"column":2},"end":{"line":149,"column":2}}]}},"code":["var Stream = require( 'stream' );","var minimatch = require( 'minimatch' );","var Minimatch = minimatch.Minimatch;","","module.exports = glob;","","function glob( globs, options ) {","","\toptions = this.makeOptions( options );","\tif ( typeof globs === 'string' ) globs = [ globs ];","","\tvar self = this;","\tvar positives = [];","\tvar negatives = [];","\tglobs.forEach( function ( glob ) {","","\t\tvar mm = new Minimatch( self.join( '/', glob ), options );","\t\tmm.base = mmBase( mm );","","\t\tif ( mm.negate ) negatives.push( mm );","\t\telse positives.push( mm );","","\t} );","","\tvar stream = new Stream.PassThrough( { objectMode: true } );","\tvar scanning = 0;","","\t// get file list and write to stream on match.","\t// recursively scan on partial match.","\tfunction scan( path, mm ) {","","\t\t++scanning;","\t\tself.mlsdOrList( path, onList );","","\t\tfunction onList( err, files ) {","","\t\t\tif ( err ) return stream.emit( 'error', err );","","\t\t\tfiles.forEach( function ( file ) {","","\t\t\t\tif ( self.isDirectory( file ) && mm.match( file.path, true ) ) {","","\t\t\t\t\tscan( file.path, mm );","","\t\t\t\t}","","\t\t\t\twrite( file ); // do this after scan; next stream might change file.path","","\t\t\t} );","","\t\t\t--scanning;","","\t\t\tif ( scanning === 0 ) stream.emit( 'end' );","","\t\t}","","\t}","","\t// write file on match. check it only once.","\tvar seen = {};","","\tfunction write( file ) {","","\t\tif ( !seen[ file.path ] ) {","","\t\t\tseen[ file.path ] = true;","\t\t\tif ( match( file ) ) stream.write( file );","","\t\t}","","\t}","","\tfunction match( file ) {","","\t\tvar ok = false;","\t\tvar base;","\t\tvar i, l;","","\t\tfor ( i = 0, l = positives.length; i < l; ++i ) {","","\t\t\tif ( positives[ i ].match( file.path ) ) {","","\t\t\t\tok = true;","\t\t\t\tbase = options.base || positives[ i ].base;","\t\t\t\tbreak;","","\t\t\t}","","\t\t}","","\t\tif ( !ok ) return false;","","\t\tfor ( i = 0, l = negatives.length; i < l; ++i ) {","","\t\t\tif ( !negatives[ i ].match( file.path ) ) return false;","","\t\t}","","\t\tfile.cwd = options.cwd || '/';","\t\tfile.base = base;","\t\treturn true;","","\t}","","\t// scan each positive glob","\tpositives.forEach( function ( mm ) {","","\t\tmm.set.forEach( function ( parts ) {","","\t\t\tscan( partsBase( parts ), mm );","","\t\t} );","","\t} );","","\treturn stream;","","}","","//","","// get base path of minimatch instance","function mmBase( mm ) {","","\tvar first =  mm.set[ 0 ];","\tvar i, l;","","\tPARTS: for ( i = 0, l = first.length - 1; i < l; ++i ) {","","\t\tif ( typeof first[ i ] !== 'string' ) break PARTS;","","\t\tfor ( var j = 1, k = mm.set.length; j < k; ++j ) {","","\t\t\tif ( mm.set[ j ][ i ] !== first[ i ] ) break PARTS;","","\t\t}","","\t}","","\treturn first.slice( 0, i ).join( '/' );","","}","","// get base path of minimatch parts","function partsBase( parts ) {","","\tfor ( var i = 0, l = parts.length - 1; i < l; ++i ) {","","\t\tif ( typeof parts[ i ] !== 'string' ) break;","","\t}","","\treturn parts.slice( 0, i ).join( '/' );","","}",""],"l":{"1":1,"2":1,"3":1,"5":1,"7":1,"9":0,"10":0,"12":0,"13":0,"14":0,"15":0,"17":0,"18":0,"20":0,"21":0,"25":0,"26":0,"30":1,"32":0,"33":0,"35":1,"37":0,"39":0,"41":0,"43":0,"47":0,"51":0,"53":0,"60":0,"62":1,"64":0,"66":0,"67":0,"73":1,"75":0,"76":0,"77":0,"79":0,"81":0,"83":0,"84":0,"85":0,"91":0,"93":0,"95":0,"99":0,"100":0,"101":0,"106":0,"108":0,"110":0,"116":0,"123":1,"125":0,"126":0,"128":0,"130":0,"132":0,"134":0,"140":0,"145":1,"147":0,"149":0,"153":0}},"/home/travis/build/npmtest/node-npmtest-vinyl-ftp/vinyl-ftp/lib/src.js":{"path":"/home/travis/build/npmtest/node-npmtest-vinyl-ftp/vinyl-ftp/lib/src.js","s":{"1":1,"2":1,"3":1,"4":1,"5":0,"6":0,"7":0,"8":0,"9":0,"10":0,"11":0,"12":0,"13":0,"14":0,"15":0,"16":0,"17":1,"18":0,"19":0,"20":0,"21":0,"22":0,"23":1,"24":0,"25":0,"26":0,"27":0,"28":0},"b":{"1":[0,0],"2":[0,0],"3":[0,0],"4":[0,0],"5":[0,0],"6":[0,0]},"f":{"1":0,"2":0,"3":0,"4":0},"fnMap":{"1":{"name":"src","line":6,"loc":{"start":{"line":6,"column":0},"end":{"line":6,"column":31}}},"2":{"name":"(anonymous_2)","line":16,"loc":{"start":{"line":16,"column":33},"end":{"line":16,"column":60}}},"3":{"name":"getContents","line":34,"loc":{"start":{"line":34,"column":1},"end":{"line":34,"column":34}}},"4":{"name":"onContents","line":40,"loc":{"start":{"line":40,"column":2},"end":{"line":40,"column":39}}}},"statementMap":{"1":{"start":{"line":1,"column":0},"end":{"line":1,"column":40}},"2":{"start":{"line":2,"column":0},"end":{"line":2,"column":36}},"3":{"start":{"line":4,"column":0},"end":{"line":4,"column":21}},"4":{"start":{"line":6,"column":0},"end":{"line":53,"column":1}},"5":{"start":{"line":8,"column":1},"end":{"line":8,"column":59}},"6":{"start":{"line":9,"column":1},"end":{"line":9,"column":39}},"7":{"start":{"line":10,"column":1},"end":{"line":10,"column":17}},"8":{"start":{"line":12,"column":1},"end":{"line":12,"column":40}},"9":{"start":{"line":14,"column":1},"end":{"line":30,"column":2}},"10":{"start":{"line":16,"column":2},"end":{"line":26,"column":6}},"11":{"start":{"line":18,"column":3},"end":{"line":22,"column":4}},"12":{"start":{"line":20,"column":4},"end":{"line":20,"column":28}},"13":{"start":{"line":24,"column":3},"end":{"line":24,"column":8}},"14":{"start":{"line":28,"column":2},"end":{"line":28,"column":34}},"15":{"start":{"line":32,"column":1},"end":{"line":32,"column":34}},"16":{"start":{"line":32,"column":22},"end":{"line":32,"column":34}},"17":{"start":{"line":34,"column":1},"end":{"line":49,"column":2}},"18":{"start":{"line":36,"column":2},"end":{"line":36,"column":58}},"19":{"start":{"line":36,"column":34},"end":{"line":36,"column":58}},"20":{"start":{"line":37,"column":2},"end":{"line":37,"column":72}},"21":{"start":{"line":37,"column":24},"end":{"line":37,"column":72}},"22":{"start":{"line":38,"column":2},"end":{"line":38,"column":43}},"23":{"start":{"line":40,"column":2},"end":{"line":47,"column":3}},"24":{"start":{"line":42,"column":3},"end":{"line":42,"column":31}},"25":{"start":{"line":42,"column":14},"end":{"line":42,"column":31}},"26":{"start":{"line":43,"column":3},"end":{"line":43,"column":28}},"27":{"start":{"line":45,"column":3},"end":{"line":45,"column":20}},"28":{"start":{"line":51,"column":1},"end":{"line":51,"column":59}}},"branchMap":{"1":{"line":14,"type":"if","locations":[{"start":{"line":14,"column":1},"end":{"line":14,"column":1}},{"start":{"line":14,"column":1},"end":{"line":14,"column":1}}]},"2":{"line":18,"type":"if","locations":[{"start":{"line":18,"column":3},"end":{"line":18,"column":3}},{"start":{"line":18,"column":3},"end":{"line":18,"column":3}}]},"3":{"line":32,"type":"if","locations":[{"start":{"line":32,"column":1},"end":{"line":32,"column":1}},{"start":{"line":32,"column":1},"end":{"line":32,"column":1}}]},"4":{"line":36,"type":"if","locations":[{"start":{"line":36,"column":2},"end":{"line":36,"column":2}},{"start":{"line":36,"column":2},"end":{"line":36,"column":2}}]},"5":{"line":37,"type":"if","locations":[{"start":{"line":37,"column":2},"end":{"line":37,"column":2}},{"start":{"line":37,"column":2},"end":{"line":37,"column":2}}]},"6":{"line":42,"type":"if","locations":[{"start":{"line":42,"column":3},"end":{"line":42,"column":3}},{"start":{"line":42,"column":3},"end":{"line":42,"column":3}}]}},"code":["var assign = require( 'object-assign' );","var through = require( 'through2' );","","module.exports = src;","","function src( globs, options ) {","","\toptions = assign( { buffer: true, read: true }, options );","\toptions = this.makeOptions( options );","\tvar self = this;","","\tvar glob = this.glob( globs, options );","","\tif ( options.since ) {","","\t\tvar filterSince = through.obj( function ( file, enc, cb ) {","","\t\t\tif ( options.since < file.ftp.date ) {","","\t\t\t\treturn cb( null, file );","","\t\t\t}","","\t\t\tcb();","","\t\t} );","","\t\tglob = glob.pipe( filterSince );","","\t}","","\tif ( !options.read ) return glob;","","\tfunction getContents( file, cb ) {","","\t\tif ( self.isDirectory( file ) ) return cb( null, file );","\t\tif ( options.buffer ) return self.downbuffer( file.path, onContents );","\t\tself.downstream( file.path, onContents );","","\t\tfunction onContents( err, contents ) {","","\t\t\tif ( err ) return cb( err );","\t\t\tfile.contents = contents;","","\t\t\tcb( null, file );","","\t\t}","","\t}","","\treturn glob.pipe( this.parallel( getContents, options ) );","","}",""],"l":{"1":1,"2":1,"4":1,"6":1,"8":0,"9":0,"10":0,"12":0,"14":0,"16":0,"18":0,"20":0,"24":0,"28":0,"32":0,"34":1,"36":0,"37":0,"38":0,"40":1,"42":0,"43":0,"45":0,"51":0}},"/home/travis/build/npmtest/node-npmtest-vinyl-ftp/vinyl-ftp/lib/dest.js":{"path":"/home/travis/build/npmtest/node-npmtest-vinyl-ftp/vinyl-ftp/lib/dest.js","s":{"1":1,"2":1,"3":0,"4":0,"5":0,"6":0,"7":0,"8":0,"9":0},"b":{},"f":{"1":0,"2":0},"fnMap":{"1":{"name":"dest","line":3,"loc":{"start":{"line":3,"column":0},"end":{"line":3,"column":33}}},"2":{"name":"(anonymous_2)","line":8,"loc":{"start":{"line":8,"column":29},"end":{"line":8,"column":51}}}},"statementMap":{"1":{"start":{"line":1,"column":0},"end":{"line":1,"column":22}},"2":{"start":{"line":3,"column":0},"end":{"line":18,"column":1}},"3":{"start":{"line":5,"column":1},"end":{"line":5,"column":39}},"4":{"start":{"line":6,"column":1},"end":{"line":6,"column":17}},"5":{"start":{"line":8,"column":1},"end":{"line":13,"column":14}},"6":{"start":{"line":10,"column":2},"end":{"line":10,"column":53}},"7":{"start":{"line":11,"column":2},"end":{"line":11,"column":32}},"8":{"start":{"line":15,"column":1},"end":{"line":15,"column":17}},"9":{"start":{"line":16,"column":1},"end":{"line":16,"column":15}}},"branchMap":{},"code":["module.exports = dest;","","function dest( folder, options ) {","","\toptions = this.makeOptions( options );","\tvar self = this;","","\tvar stream = this.parallel( function ( file, cb ) {","","\t\tvar path = self.join( '/', folder, file.relative );","\t\tself.upload( file, path, cb );","","\t}, options );","","\tstream.resume();","\treturn stream;","","}",""],"l":{"1":1,"3":1,"5":0,"6":0,"8":0,"10":0,"11":0,"15":0,"16":0}},"/home/travis/build/npmtest/node-npmtest-vinyl-ftp/vinyl-ftp/lib/delete.js":{"path":"/home/travis/build/npmtest/node-npmtest-vinyl-ftp/vinyl-ftp/lib/delete.js","s":{"1":1,"2":1,"3":0,"4":0,"5":0,"6":1,"7":0,"8":0,"9":0,"10":0,"11":0,"12":1,"13":0,"14":0},"b":{"1":[0,0]},"f":{"1":0,"2":0,"3":0},"fnMap":{"1":{"name":"del","line":3,"loc":{"start":{"line":3,"column":0},"end":{"line":3,"column":25}}},"2":{"name":"onAcquire","line":10,"loc":{"start":{"line":10,"column":1},"end":{"line":10,"column":32}}},"3":{"name":"final","line":20,"loc":{"start":{"line":20,"column":1},"end":{"line":20,"column":23}}}},"statementMap":{"1":{"start":{"line":1,"column":0},"end":{"line":1,"column":21}},"2":{"start":{"line":3,"column":0},"end":{"line":27,"column":1}},"3":{"start":{"line":5,"column":1},"end":{"line":5,"column":17}},"4":{"start":{"line":6,"column":1},"end":{"line":6,"column":9}},"5":{"start":{"line":8,"column":1},"end":{"line":8,"column":27}},"6":{"start":{"line":10,"column":1},"end":{"line":18,"column":2}},"7":{"start":{"line":12,"column":2},"end":{"line":12,"column":12}},"8":{"start":{"line":13,"column":2},"end":{"line":13,"column":33}},"9":{"start":{"line":13,"column":13},"end":{"line":13,"column":33}},"10":{"start":{"line":15,"column":2},"end":{"line":15,"column":28}},"11":{"start":{"line":16,"column":2},"end":{"line":16,"column":28}},"12":{"start":{"line":20,"column":1},"end":{"line":25,"column":2}},"13":{"start":{"line":22,"column":2},"end":{"line":22,"column":22}},"14":{"start":{"line":23,"column":2},"end":{"line":23,"column":12}}},"branchMap":{"1":{"line":13,"type":"if","locations":[{"start":{"line":13,"column":2},"end":{"line":13,"column":2}},{"start":{"line":13,"column":2},"end":{"line":13,"column":2}}]}},"code":["module.exports = del;","","function del( path, cb ) {","","\tvar self = this;","\tvar rel;","","\tthis.acquire( onAcquire );","","\tfunction onAcquire( err, ftp ) {","","\t\trel = ftp;","\t\tif ( err ) return final( err );","","\t\tself.log( 'DEL  ', path );","\t\tftp.delete( path, final );","","\t}","","\tfunction final( err ) {","","\t\tself.release( rel );","\t\tcb( err );","","\t}","","}",""],"l":{"1":1,"3":1,"5":0,"6":0,"8":0,"10":1,"12":0,"13":0,"15":0,"16":0,"20":1,"22":0,"23":0}},"/home/travis/build/npmtest/node-npmtest-vinyl-ftp/vinyl-ftp/lib/rmdir.js":{"path":"/home/travis/build/npmtest/node-npmtest-vinyl-ftp/vinyl-ftp/lib/rmdir.js","s":{"1":1,"2":1,"3":0,"4":0,"5":0,"6":1,"7":0,"8":0,"9":0,"10":0,"11":0,"12":1,"13":0,"14":0,"15":0,"16":0},"b":{"1":[0,0],"2":[0,0],"3":[0,0]},"f":{"1":0,"2":0,"3":0},"fnMap":{"1":{"name":"rmdir","line":3,"loc":{"start":{"line":3,"column":0},"end":{"line":3,"column":27}}},"2":{"name":"onAcquire","line":10,"loc":{"start":{"line":10,"column":1},"end":{"line":10,"column":32}}},"3":{"name":"final","line":20,"loc":{"start":{"line":20,"column":1},"end":{"line":20,"column":23}}}},"statementMap":{"1":{"start":{"line":1,"column":0},"end":{"line":1,"column":23}},"2":{"start":{"line":3,"column":0},"end":{"line":28,"column":1}},"3":{"start":{"line":5,"column":1},"end":{"line":5,"column":17}},"4":{"start":{"line":6,"column":1},"end":{"line":6,"column":9}},"5":{"start":{"line":8,"column":1},"end":{"line":8,"column":27}},"6":{"start":{"line":10,"column":1},"end":{"line":18,"column":2}},"7":{"start":{"line":12,"column":2},"end":{"line":12,"column":12}},"8":{"start":{"line":13,"column":2},"end":{"line":13,"column":33}},"9":{"start":{"line":13,"column":13},"end":{"line":13,"column":33}},"10":{"start":{"line":15,"column":2},"end":{"line":15,"column":28}},"11":{"start":{"line":16,"column":2},"end":{"line":16,"column":33}},"12":{"start":{"line":20,"column":1},"end":{"line":26,"column":2}},"13":{"start":{"line":22,"column":2},"end":{"line":22,"column":22}},"14":{"start":{"line":23,"column":2},"end":{"line":23,"column":65}},"15":{"start":{"line":23,"column":53},"end":{"line":23,"column":65}},"16":{"start":{"line":24,"column":2},"end":{"line":24,"column":12}}},"branchMap":{"1":{"line":13,"type":"if","locations":[{"start":{"line":13,"column":2},"end":{"line":13,"column":2}},{"start":{"line":13,"column":2},"end":{"line":13,"column":2}}]},"2":{"line":23,"type":"if","locations":[{"start":{"line":23,"column":2},"end":{"line":23,"column":2}},{"start":{"line":23,"column":2},"end":{"line":23,"column":2}}]},"3":{"line":23,"type":"binary-expr","locations":[{"start":{"line":23,"column":7},"end":{"line":23,"column":10}},{"start":{"line":23,"column":14},"end":{"line":23,"column":50}}]}},"code":["module.exports = rmdir;","","function rmdir( path, cb ) {","","\tvar self = this;","\tvar rel;","","\tthis.acquire( onAcquire );","","\tfunction onAcquire( err, ftp ) {","","\t\trel = ftp;","\t\tif ( err ) return final( err );","","\t\tself.log( 'RMDIR', path );","\t\tftp.rmdir( path, true, final );","","\t}","","\tfunction final( err ) {","","\t\tself.release( rel );","\t\tif ( err && err.message.match( /no such file/i ) ) return cb();","\t\tcb( err );","","\t}","","}",""],"l":{"1":1,"3":1,"5":0,"6":0,"8":0,"10":1,"12":0,"13":0,"15":0,"16":0,"20":1,"22":0,"23":0,"24":0}},"/home/travis/build/npmtest/node-npmtest-vinyl-ftp/vinyl-ftp/lib/clean.js":{"path":"/home/travis/build/npmtest/node-npmtest-vinyl-ftp/vinyl-ftp/lib/clean.js","s":{"1":1,"2":1,"3":1,"4":1,"5":0,"6":0,"7":0,"8":1,"9":0,"10":0,"11":1,"12":0,"13":0,"14":0,"15":0,"16":0,"17":0,"18":0,"19":0,"20":0,"21":0,"22":0},"b":{"1":[0,0],"2":[0,0],"3":[0,0],"4":[0,0]},"f":{"1":0,"2":0,"3":0,"4":0},"fnMap":{"1":{"name":"clean","line":6,"loc":{"start":{"line":6,"column":0},"end":{"line":6,"column":40}}},"2":{"name":"stat","line":13,"loc":{"start":{"line":13,"column":1},"end":{"line":13,"column":29}}},"3":{"name":"(anonymous_3)","line":15,"loc":{"start":{"line":15,"column":48},"end":{"line":15,"column":72}}},"4":{"name":"check","line":21,"loc":{"start":{"line":21,"column":1},"end":{"line":21,"column":42}}}},"statementMap":{"1":{"start":{"line":1,"column":0},"end":{"line":1,"column":25}},"2":{"start":{"line":2,"column":0},"end":{"line":2,"column":29}},"3":{"start":{"line":4,"column":0},"end":{"line":4,"column":23}},"4":{"start":{"line":6,"column":0},"end":{"line":46,"column":1}},"5":{"start":{"line":8,"column":1},"end":{"line":8,"column":39}},"6":{"start":{"line":9,"column":1},"end":{"line":9,"column":17}},"7":{"start":{"line":11,"column":1},"end":{"line":11,"column":40}},"8":{"start":{"line":13,"column":1},"end":{"line":19,"column":2}},"9":{"start":{"line":15,"column":2},"end":{"line":17,"column":6}},"10":{"start":{"line":16,"column":3},"end":{"line":16,"column":35}},"11":{"start":{"line":21,"column":1},"end":{"line":42,"column":2}},"12":{"start":{"line":23,"column":2},"end":{"line":23,"column":13}},"13":{"start":{"line":25,"column":2},"end":{"line":35,"column":3}},"14":{"start":{"line":26,"column":3},"end":{"line":34,"column":4}},"15":{"start":{"line":27,"column":4},"end":{"line":31,"column":5}},"16"
[...]
column":10},"end":{"line":112,"column":19}},"67":{"start":{"line":111,"column":12},"end":{"line":111,"column":35}},"68":{"start":{"line":114,"column":10},"end":{"line":114,"column":33}},"69":{"start":{"line":118,"column":4},"end":{"line":127,"column":17}},"70":{"start":{"line":119,"column":6},"end":{"line":125,"column":15}},"71":{"start":{"line":120,"column":8},"end":{"line":123,"column":9}},"72":{"start":{"line":121,"column":10},"end":{"line":121,"column":25}},"73":{"start":{"line":122,"column":10},"end":{"line":122,"column":66}},"74":{"start":{"line":124,"column":8},"end":{"line":124,"column":19}},"75":{"start":{"line":127,"column":6},"end":{"line":127,"column":17}},"76":{"start":{"line":129,"column":4},"end":{"line":153,"column":5}},"77":{"start":{"line":133,"column":6},"end":{"line":152,"column":15}},"78":{"start":{"line":134,"column":8},"end":{"line":143,"column":9}},"79":{"start":{"line":135,"column":10},"end":{"line":135,"column":25}},"80":{"start":{"line":136,"column":10},"end":{"line":141,"column":20}},"81":{"start":{"line":137,"column":12},"end":{"line":139,"column":21}},"82":{"start":{"line":138,"column":14},"end":{"line":138,"column":22}},"83":{"start":{"line":141,"column":12},"end":{"line":141,"column":20}},"84":{"start":{"line":142,"column":10},"end":{"line":142,"column":17}},"85":{"start":{"line":146,"column":6},"end":{"line":151,"column":16}},"86":{"start":{"line":147,"column":8},"end":{"line":147,"column":20}},"87":{"start":{"line":148,"column":8},"end":{"line":148,"column":23}},"88":{"start":{"line":149,"column":8},"end":{"line":149,"column":16}},"89":{"start":{"line":150,"column":13},"end":{"line":151,"column":16}},"90":{"start":{"line":151,"column":8},"end":{"line":151,"column":16}}},"branchMap":{"1":{"line":15,"type":"if","locations":[{"start":{"line":15,"column":2},"end":{"line":15,"column":2}},{"start":{"line":15,"column":2},"end":{"line":15,"column":2}}]},"2":{"line":21,"type":"if","locations":[{"start":{"line":21,"column":9},"end":{"line":21,"column":9}},{"start":{"line":21,"column":9},"end":{"line":21,"column":9}}]},"3":{"line":27,"type":"if","locations":[{"start":{"line":27,"column":9},"end":{"line":27,"column":9}},{"start":{"line":27,"column":9},"end":{"line":27,"column":9}}]},"4":{"line":36,"type":"if","locations":[{"start":{"line":36,"column":4},"end":{"line":36,"column":4}},{"start":{"line":36,"column":4},"end":{"line":36,"column":4}}]},"5":{"line":39,"type":"if","locations":[{"start":{"line":39,"column":4},"end":{"line":39,"column":4}},{"start":{"line":39,"column":4},"end":{"line":39,"column":4}}]},"6":{"line":39,"type":"binary-expr","locations":[{"start":{"line":39,"column":8},"end":{"line":39,"column":22}},{"start":{"line":39,"column":26},"end":{"line":39,"column":55}}]},"7":{"line":46,"type":"if","locations":[{"start":{"line":46,"column":4},"end":{"line":46,"column":4}},{"start":{"line":46,"column":4},"end":{"line":46,"column":4}}]},"8":{"line":53,"type":"if","locations":[{"start":{"line":53,"column":6},"end":{"line":53,"column":6}},{"start":{"line":53,"column":6},"end":{"line":53,"column":6}}]},"9":{"line":64,"type":"if","locations":[{"start":{"line":64,"column":6},"end":{"line":64,"column":6}},{"start":{"line":64,"column":6},"end":{"line":64,"column":6}}]},"10":{"line":64,"type":"binary-expr","locations":[{"start":{"line":64,"column":10},"end":{"line":64,"column":14}},{"start":{"line":64,"column":18},"end":{"line":64,"column":31}}]},"11":{"line":66,"type":"if","locations":[{"start":{"line":66,"column":8},"end":{"line":66,"column":8}},{"start":{"line":66,"column":8},"end":{"line":66,"column":8}}]},"12":{"line":68,"type":"if","locations":[{"start":{"line":68,"column":8},"end":{"line":68,"column":8}},{"start":{"line":68,"column":8},"end":{"line":68,"column":8}}]},"13":{"line":91,"type":"if","locations":[{"start":{"line":91,"column":10},"end":{"line":91,"column":10}},{"start":{"line":91,"column":10},"end":{"line":91,"column":10}}]},"14":{"line":109,"type":"if","locations":[{"start":{"line":109,"column":8},"end":{"line":109,"column":8}},{"start":{"line":109,"column":8},"end":{"line":109,"column":8}}]},"15":{"line":118,"type":"if","locations":[{"start":{"line":118,"column":4},"end":{"line":118,"column":4}},{"start":{"line":118,"column":4},"end":{"line":118,"column":4}}]},"16":{"line":120,"type":"if","locations":[{"start":{"line":120,"column":8},"end":{"line":120,"column":8}},{"start":{"line":120,"column":8},"end":{"line":120,"column":8}}]},"17":{"line":134,"type":"if","locations":[{"start":{"line":134,"column":8},"end":{"line":134,"column":8}},{"start":{"line":134,"column":8},"end":{"line":134,"column":8}}]},"18":{"line":136,"type":"if","locations":[{"start":{"line":136,"column":10},"end":{"line":136,"column":10}},{"start":{"line":136,"column":10},"end":{"line":136,"column":10}}]},"19":{"line":146,"type":"if","locations":[{"start":{"line":146,"column":6},"end":{"line":146,"column":6}},{"start":{"line":146,"column":6},"end":{"line":146,"column":6}}]},"20":{"line":146,"type":"binary-expr","locations":[{"start":{"line":146,"column":10},"end":{"line":146,"column":25}},{"start":{"line":146,"column":29},"end":{"line":146,"column":41}}]},"21":{"line":150,"type":"if","locations":[{"start":{"line":150,"column":13},"end":{"line":150,"column":13}},{"start":{"line":150,"column":13},"end":{"line":150,"column":13}}]}},"code":["/**"," * MLSD method for the node ftp module"," * This is mostly copied from https://github.com/mscdex/node-ftp"," * Original Copyright Brian White: https://github.com/mscdex"," * MLSD implemented by Morris Brodersen <mb@morrisbrodersen.de>"," */","","var RE_EOL = /\\r?\\n/g,","    RE_SEP = /;/g,","    RE_EQ = /=/;","","module.exports = function(path, zcomp, cb) {","  var self = this, cmd;","","  if (typeof path === 'function') {","    // list(function() {})","    cb = path;","    path = undefined;","    cmd = 'MLSD';","    zcomp = false;","  } else if (typeof path === 'boolean') {","    // list(true, function() {})","    cb = zcomp;","    zcomp = path;","    path = undefined;","    cmd = 'MLSD';","  } else if (typeof zcomp === 'function') {","    // list('/foo', function() {})","    cb = zcomp;","    cmd = 'MLSD ' + path;","    zcomp = false;","  } else","    cmd = 'MLSD ' + path;","","  this._pasv(function(err, sock) {","    if (err)","      return cb(err);","","    if (self._queue[0] && self._queue[0].cmd === 'ABOR') {","      sock.destroy();","      return cb(new Error('Client aborted'));","    }","","    var sockerr, done = false, replies = 0, entries, buffer = '', source = sock;","","    if (zcomp) {","      source = zlib.createInflate();","      sock.pipe(source);","    }","","    source.on('data', function(chunk) { buffer += chunk.toString('binary'); });","    source.once('error', function(err) {","      if (!sock.aborting)","        sockerr = err;","    });","    source.once('end', ondone);","    source.once('close', ondone);","","    function ondone() {","      done = true;","      final();","    }","    function final() {","      if (done && replies === 2) {","        replies = 3;","        if (sockerr)","          return cb(new Error('Unexpected data connection error: ' + sockerr));","        if (sock.aborting)","          return cb(new Error('Client aborted'));","","        //","","        // process received data","","        entries = buffer.split( RE_EOL );","        entries.pop(); // ending EOL","        entries = entries.map( function( entry ) {","          var kvs = entry.split( RE_SEP );","          var obj = { name: kvs.pop().substring( 1 ) };","          kvs.forEach( function( kv ) {","","            kv = kv.split( RE_EQ );","            obj[ kv[0].toLowerCase() ] = kv[1];","","          } );","","          obj.size = parseInt( obj.size );","","          var modify = obj.modify;","","          if (modify) {","            var year = modify.substr( 0, 4 );","            var month = modify.substr( 4, 2 );","            var date = modify.substr( 6, 2 );","            var hour = modify.substr( 8, 2 );","            var minute = modify.substr( 10, 2 );","            var second = modify.substr( 12, 2 );","            obj.date = new Date(","              year + '-' + month + '-' + date + 'T' + hour + ':' +minute + ':' + second","            );","","          }","","          return obj;","        } );","","        //","","        if (zcomp) {","          self._send('MODE S', function() {","            cb(undefined, entries);","          }, true);","        } else","          cb(undefined, entries);","      }","    }","","    if (zcomp) {","      self._send('MODE Z', function(err, text, code) {","        if (err) {","          sock.destroy();","          return cb(makeError(code, 'Compression not supported'));","        }","        sendList();","      }, true);","    } else","      sendList();","","    function sendList() {","      // this callback will be executed multiple times, the first is when server","      // replies with 150 and then a final reply to indicate whether the","      // transfer was actually a success or not","      self._send(cmd, function(err, text, code) {","        if (err) {","          sock.destroy();","          if (zcomp) {","            self._send('MODE S', function() {","              cb(err);","            }, true);","          } else","            cb(err);","          return;","        }","","      // some servers may not open a data connection for empty directories","      if (++replies === 1 && code === 226) {","        replies = 2;","        sock.destroy();","        final();","      } else if (replies === 2)","        final();","      }, true);","    }","  });","};",""],"l":{"8":1,"12":1,"13":0,"15":0,"17":0,"18":0,"19":0,"20":0,"21":0,"23":0,"24":0,"25":0,"26":0,"27":0,"29":0,"30":0,"31":0,"33":0,"35":0,"36":0,"37":0,"39":0,"40":0,"41":0,"44":0,"46":0,"47":0,"48":0,"51":0,"52":0,"53":0,"54":0,"56":0,"57":0,"59":1,"60":0,"61":0,"63":1,"64":0,"65":0,"66":0,"67":0,"68":0,"69":0,"75":0,"76":0,"77":0,"78":0,"79":0,"80":0,"82":0,"83":0,"87":0,"89":0,"91":0,"92":0,"93":0,"94":0,"95":0,"96":0,"97":0,"98":0,"104":0,"109":0,"110":0,"111":0,"114":0,"118":0,"119":0,"120":0,"121":0,"122":0,"124":0,"127":0,"129":1,"133":0,"134":0,"135":0,"136":0,"137":0,"138":0,"141":0,"142":0,"146":0,"147":0,"148":0,"149":0,"150":0,"151":0}},"/home/travis/build/npmtest/node-npmtest-vinyl-ftp/vinyl-ftp/lib/cache.js":{"path":"/home/travis/build/npmtest/node-npmtest-vinyl-ftp/vinyl-ftp/lib/cache.js","s":{"1":1,"2":0,"3":0,"4":0,"5":0,"6":0,"7":0,"8":0,"9":0,"10":0,"11":0,"12":0,"13":0,"14":0,"15":0,"16":0,"17":0,"18":0,"19":0,"20":0,"21":0,"22":0,"23":0},"b":{"1":[0,0],"2":[0,0],"3":[0,0],"4":[0,0]},"f":{"1":0,"2":0,"3":0,"4":0,"5":0,"6":0},"fnMap":{"1":{"name":"(anonymous_1)","line":6,"loc":{"start":{"line":6,"column":17},"end":{"line":6,"column":33}}},"2":{"name":"(anonymous_2)","line":10,"loc":{"start":{"line":10,"column":12},"end":{"line":10,"column":32}}},"3":{"name":"(anonymous_3)","line":37,"loc":{"start":{"line":37,"column":10},"end":{"line":37,"column":33}}},"4":{"name":"(anonymous_4)","line":42,"loc":{"start":{"line":42,"column":24},"end":{"line":42,"column":40}}},"5":{"name":"(anonymous_5)","line":53,"loc":{"start":{"line":53,"column":14},"end":{"line":53,"column":26}}},"6":{"name":"(anonymous_6)","line":59,"loc":{"start":{"line":59,"column":15},"end":{"line":59,"column":31}}}},"statementMap":{"1":{"start":{"line":6,"column":0},"end":{"line":65,"column":2}},"2":{"start":{"line":8,"column":1},"end":{"line":8,"column":16}},"3":{"start":{"line":10,"column":1},"end":{"line":51,"column":3}},"4":{"start":{"line":12,"column":2},"end":{"line":12,"column":26}},"5":{"start":{"line":14,"column":2},"end":{"line":28,"column":3}},"6":{"start":{"line":16,"column":3},"end":{"line":24,"column":4}},"7":{"start":{"line":18,"column":4},"end":{"line":18,"column":42}},"8":{"start":{"line":18,"column":14},"end":{"line":18,"column":42}},"9":{"start":{"line":22,"column":4},"end":{"line":22,"column":27}},"10":{"start":{"line":26,"column":3},"end":{"line":26,"column":10}},"11":{"start":{"line":30,"column":2},"end":{"line":35,"column":4}},"12":{"start":{"line":37,"column":2},"end":{"line":49,"column":6}},"13":{"start":{"line":39,"column":3},"end":{"line":39,"column":21}},"14":{"start":{"line":40,"column":3},"end":{"line":40,"column":21}},"15":{"start":{"line":41,"column":3},"end":{"line":41,"column":22}},"16":{"start":{"line":42,"column":3},"end":{"line":46,"column":7}},"17":{"start":{"line":44,"column":4},"end":{"line":44,"column":30}},"18":{"start":{"line":44,"column":14},"end":{"line":44,"column":30}},"19":{"start":{"line":47,"column":3},"end":{"line":47,"column":22}},"20":{"start":{"line":53,"column":1},"end":{"line":57,"column":3}},"21":{"start":{"line":55,"column":2},"end":{"line":55,"column":13}},"22":{"start":{"line":59,"column":1},"end":{"line":63,"column":3}},"23":{"start":{"line":61,"column":2},"end":{"line":61,"column":21}}},"branchMap":{"1":{"line":14,"type":"if","locations":[{"start":{"line":14,"column":2},"end":{"line":14,"column":2}},{"start":{"line":14,"column":2},"end":{"line":14,"column":2}}]},"2":{"line":16,"type":"if","locations":[{"start":{"line":16,"column":3},"end":{"line":16,"column":3}},{"start":{"line":16,"column":3},"end":{"line":16,"column":3}}]},"3":{"line":18,"type":"if","locations":[{"start":{"line":18,"column":4},"end":{"line":18,"column":4}},{"start":{"line":18,"column":4},"end":{"line":18,"column":4}}]},"4":{"line":44,"type":"if","locations":[{"start":{"line":44,"column":4},"end":{"line":44,"column":4}},{"start":{"line":44,"column":4},"end":{"line":44,"column":4}}]}},"code":["/**"," * A cache keeps track of async resources and actions that"," * should be loaded or executed only once."," */","","module.exports = function ( fn ) {","","\tvar cache = {};","","\tthis.get = function ( id, cb ) {","","\t\tvar entry = cache[ id ];","","\t\tif ( entry ) {","","\t\t\tif ( entry.done ) {","","\t\t\t\tif ( cb ) cb( entry.err, entry.data );","","\t\t\t} else {","","\t\t\t\tentry.queue.push( cb );","","\t\t\t}","","\t\t\treturn;","","\t\t}","","\t\tentry = cache[ id ] = {","\t\t\tdone:  false,","\t\t\terr:   null,","\t\t\tdata:  null,","\t\t\tqueue: [ cb ]","\t\t};","","\t\tfn( id, function ( err, data ) {","","\t\t\tentry.done = true;","\t\t\tentry.err =   err;","\t\t\tentry.data =  data;","\t\t\tentry.queue.forEach( function ( cb ) {","","\t\t\t\tif ( cb ) cb( err, data );","","\t\t\t} );","\t\t\tentry.queue = null;","","\t\t} );","","\t};","","\tthis.clear = function () {","","\t\tcache = {};","","\t};","","\tthis.remove = function ( id ) {","","\t\tdelete cache[ id ];","","\t};","","};",""],"l":{"6":1,"8":0,"10":0,"12":0,"14":0,"16":0,"18":0,"22":0,"26":0,"30":0,"37":0,"39":0,"40":0,"41":0,"42":0,"44":0,"47":0,"53":0,"55":0,"59":0,"61":0}},"/home/travis/build/npmtest/node-npmtest-vinyl-ftp/vinyl-ftp/lib/helpers.js":{"path":"/home/travis/build/npmtest/node-npmtest-vinyl-ftp/vinyl-ftp/lib/helpers.js","s":{"1":1,"2":1,"3":1,"4":1,"5":1,"6":0,"7":0,"8":0,"9":0,"10":0,"11":0,"12":0,"13":0,"14":0,"15":0,"16":0,"17":0,"18":0,"19":0,"20":0,"21":0,"22":0,"23":0,"24":0,"25":0},"b":{"1":[0,0],"2":[0,0],"3":[0,0],"4":[0,0],"5":[0,0]},"f":{"1":0,"2":0,"3":0,"4":0,"5":0,"6":0,"7":0},"fnMap":{"1":{"name":"(anonymous_1)","line":9,"loc":{"start":{"line":9,"column":11},"end":{"line":9,"column":43}}},"2":{"name":"(anonymous_2)","line":19,"loc":{"start":{"line":19,"column":14},"end":{"line":19,"column":35}}},"3":{"name":"(anonymous_3)","line":27,"loc":{"start":{"line":27,"column":10},"end":{"line":27,"column":28}}},"4":{"name":"(anonymous_4)","line":39,"loc":{"start":{"line":39,"column":14},"end":{"line":39,"column":30}}},"5":{"name":"(anonymous_5)","line":45,"loc":{"start":{"line":45,"column":12},"end":{"line":45,"column":30}}},"6":{"name":"(anonymous_6)","line":51,"loc":{"start":{"line":51,"column":7},"end":{"line":51,"column":19}}},"7":{"name":"(anonymous_7)","line":57,"loc":{"start":{"line":57,"column":6},"end":{"line":57,"column":18}}}},"statementMap":{"1":{"start":{"line":1,"column":0},"end":{"line":1,"column":29}},"2":{"start":{"line":2,"column":0},"end":{"line":2,"column":40}},"3":{"start":{"line":3,"column":0},"end":{"line":3,"column":47}},"4":{"start":{"line":5,"column":0},"end":{"line":5,"column":18}},"5":{"start":{"line":7,"column":0},"end":{"line":65,"column":2}},"6":{"start":{"line":11,"column":2},"end":{"line":11,"column":47}},"7":{"start":{"line":12,"column":2},"end":{"line":12,"column":54}},"8":{"start":{"line":13,"column":2},"end":{"line":13,"column":40}},"9":{"start":{"line":15,"column":2},"end":{"line":15,"column":16}},"10":{"start":{"line":21,"column":2},"end":{"line":21,"column":26}},"11":{"start":{"line":22,"column":2},"end":{"line":22,"column":38}},"12":{"start":{"line":22,"column":24},"end":{"line":22,"column":38}},"13":{"start":{"line":23,"column":2},"end":{"line":23,"column":17}},"14":{"start":{"line":29,"column":2},"end":{"line":29,"column":27}},"15":{"start":{"line":29,"column":15},"end":{"line":29,"column":27}},"16":{"start":{"line":31,"column":2},"end":{"line":31,"column":17}},"17":{"start":{"line":33,"column":2},"end":{"line":33,"column":73}},"18":{"start":{"line":33,"column":32},"end":{"line":33,"column":73}},"19":{"start":{"line":35,"column":2},"end":{"line":35,"column":45}},"20":{"start":{"line":41,"column":2},"end":{"line":41,"column":40}},"21":{"start":{"line":47,"column":2},"end":{"line":47,"column":54}},"22":{"start":{"line":53,"column":2},"end":{"line":53,"column":66}},"23":{"start":{"line":59,"column":2},"end":{"line":59,"column":28}},"24":{"start":{"line":61,"column":2},"end":{"line":61,"column":69}},"25":{"start":{"line":61,"column":35},"end":{"line":61,"column":69}}},"branchMap":{"1":{"line":21,"type":"binary-expr","locations":[{"start":{"line":21,"column":12},"end":{"line":21,"column":19}},{"start":{"line":21,"column":23},"end":{"line":21,"column":25}}]},"2":{"line":22,"type":"if","locations":[{"start":{"line":22,"column":2},"end":{"line":22,"column":2}},{"start":{"line":22,"column":2},"end":{"line":22,"column":2}}]},"3":{"line":29,"type":"if","locations":[{"start":{"line":29,"column":2},"end":{"line":29,"column":2}},{"start":{"line":29,"column":2},"end":{"line":29,"column":2}}]},"4":{"line":33,"type":"if","locations":[{"start":{"line":33,"column":2},"end":{"line":33,"column":2}},{"start":{"line":33,"column":2},"end":{"line":33,"column":2}}]},"5":{"line":61,"type":"if","locations":[{"start":{"line":61,"column":2},"end":{"line":61,"column":2}},{"start":{"line":61,"column":2},"end":{"line":61,"column":2}}]}},"code":["var Path = require( 'path' );","var assign = require( 'object-assign' );","var parallel = require( 'parallel-transform' );","","var RE_BS = /\\\\/g;","","module.exports = {","","\tparallel: function ( transform, options ) {","","\t\toptions = assign( {}, this.config, options );","\t\tvar p = Math.max( 1, parseInt( options.parallel ) );","\t\tvar stream = parallel( p, transform );","","\t\treturn stream;","","\t},","","\tmakeOptions: function ( options ) {","","\t\toptions = options || {};","\t\tif ( options.reload ) this.reload();","\t\treturn options;","","\t},","","\tfixDate: function ( date ) {","","\t\tif ( !date ) return null;","","\t\tvar offset = 0;","","\t\tif ( this.config.timeOffset ) offset += this.config.timeOffset * 60000;","","\t\treturn new Date( date.valueOf() + offset );","","\t},","","\tisDirectory: function ( vf ) {","","\t\treturn vf.ftp.type.match( /^d|dir/i );","","\t},","","\tnormalize: function ( path ) {","","\t\treturn Path.normalize( path ).replace( RE_BS, '/' );","","\t},","","\tjoin: function () {","","\t\treturn Path.join.apply( Path, arguments ).replace( RE_BS, '/' );","","\t},","","\tlog: function () {","","\t\tvar log = this.config.log;","","\t\tif ( typeof log === 'function' ) log.apply( undefined, arguments );","","\t}","","};",""],"l":{"1":1,"2":1,"3":1,"5":1,"7":1,"11":0,"12":0,"13":0,"15":0,"21":0,"22":0,"23":0,"29":0,"31":0,"33":0,"35":0,"41":0,"47":0,"53":0,"59":0,"61":0}}}